<?xml version="1.0" encoding="UTF-8"?>
<testsuite xmlns:xsi="http://www.w3.org/2001/XMLSchema-instance" xsi:noNamespaceSchemaLocation="https://maven.apache.org/surefire/maven-surefire-plugin/xsd/surefire-test-report.xsd" name="com.example.springlbd.SpringLbdApplicationTests" time="10.469" tests="1" errors="1" skipped="0" failures="0">
  <properties>
[...]
</properties>
  <testcase name="contextLoads" classname="com.example.springlbd.SpringLbdApplicationTests" time="0">
    <error message="Failed to load ApplicationContext" type="java.lang.IllegalStateException">java.lang.IllegalStateException: Failed to load ApplicationContext
Caused by: org.springframework.beans.factory.UnsatisfiedDependencyException: Error creating bean with name 'nbpApiController' defined in file [C:\Users\Adam\IdeaProjects\spring-lbd\target\classes\com\example\springlbd\controller\NbpApiController.class]: Unsatisfied dependency expressed through constructor parameter 0; nested exception is org.springframework.beans.factory.UnsatisfiedDependencyException: Error creating bean with name 'nbpApiService' defined in file [C:\Users\Adam\IdeaProjects\spring-lbd\target\classes\com\example\springlbd\services\NbpApiService.class]: Unsatisfied dependency expressed through constructor parameter 0; nested exception is org.springframework.beans.factory.NoSuchBeanDefinitionException: No qualifying bean of type 'org.springframework.web.client.RestTemplate' available: expected at least 1 bean which qualifies as autowire candidate. Dependency annotations: {}
Caused by: org.springframework.beans.factory.UnsatisfiedDependencyException: Error creating bean with name 'nbpApiService' defined in file [C:\Users\Adam\IdeaProjects\spring-lbd\target\classes\com\example\springlbd\services\NbpApiService.class]: Unsatisfied dependency expressed through constructor parameter 0; nested exception is org.springframework.beans.factory.NoSuchBeanDefinitionException: No qualifying bean of type 'org.springframework.web.client.RestTemplate' available: expected at least 1 bean which qualifies as autowire candidate. Dependency annotations: {}
Caused by: org.springframework.beans.factory.NoSuchBeanDefinitionException: No qualifying bean of type 'org.springframework.web.client.RestTemplate' available: expected at least 1 bean which qualifies as autowire candidate. Dependency annotations: {}
</error>
    <system-out><![CDATA[15:36:05.032 [main] DEBUG org.springframework.test.context.BootstrapUtils - Instantiating CacheAwareContextLoaderDelegate from class [org.springframework.test.context.cache.DefaultCacheAwareContextLoaderDelegate]
15:36:05.048 [main] DEBUG org.springframework.test.context.BootstrapUtils - Instantiating BootstrapContext using constructor [public org.springframework.test.context.support.DefaultBootstrapContext(java.lang.Class,org.springframework.test.context.CacheAwareContextLoaderDelegate)]
15:36:05.095 [main] DEBUG org.springframework.test.context.BootstrapUtils - Instantiating TestContextBootstrapper for test class [com.example.springlbd.SpringLbdApplicationTests] from class [org.springframework.boot.test.context.SpringBootTestContextBootstrapper]
15:36:05.111 [main] INFO org.springframework.boot.test.context.SpringBootTestContextBootstrapper - Neither @ContextConfiguration nor @ContextHierarchy found for test class [com.example.springlbd.SpringLbdApplicationTests], using SpringBootContextLoader
15:36:05.111 [main] DEBUG org.springframework.test.context.support.AbstractContextLoader - Did not detect default resource location for test class [com.example.springlbd.SpringLbdApplicationTests]: class path resource [com/example/springlbd/SpringLbdApplicationTests-context.xml] does not exist
15:36:05.111 [main] DEBUG org.springframework.test.context.support.AbstractContextLoader - Did not detect default resource location for test class [com.example.springlbd.SpringLbdApplicationTests]: class path resource [com/example/springlbd/SpringLbdApplicationTestsContext.groovy] does not exist
15:36:05.111 [main] INFO org.springframework.test.context.support.AbstractContextLoader - Could not detect default resource locations for test class [com.example.springlbd.SpringLbdApplicationTests]: no resource found for suffixes {-context.xml, Context.groovy}.
15:36:05.111 [main] INFO org.springframework.test.context.support.AnnotationConfigContextLoaderUtils - Could not detect default configuration classes for test class [com.example.springlbd.SpringLbdApplicationTests]: SpringLbdApplicationTests does not declare any static, non-private, non-final, nested classes annotated with @Configuration.
15:36:05.189 [main] DEBUG org.springframework.test.context.support.ActiveProfilesUtils - Could not find an 'annotation declaring class' for annotation type [org.springframework.test.context.ActiveProfiles] and class [com.example.springlbd.SpringLbdApplicationTests]
15:36:05.298 [main] DEBUG org.springframework.context.annotation.ClassPathScanningCandidateComponentProvider - Identified candidate component class: file [C:\Users\Adam\IdeaProjects\spring-lbd\target\classes\com\example\springlbd\SpringLbdApplication.class]
15:36:05.298 [main] INFO org.springframework.boot.test.context.SpringBootTestContextBootstrapper - Found @SpringBootConfiguration com.example.springlbd.SpringLbdApplication for test class com.example.springlbd.SpringLbdApplicationTests
15:36:05.470 [main] DEBUG org.springframework.boot.test.context.SpringBootTestContextBootstrapper - @TestExecutionListeners is not present for class [com.example.springlbd.SpringLbdApplicationTests]: using defaults.
15:36:05.470 [main] INFO org.springframework.boot.test.context.SpringBootTestContextBootstrapper - Loaded default TestExecutionListener class names from location [META-INF/spring.factories]: [org.springframework.boot.test.mock.mockito.MockitoTestExecutionListener, org.springframework.boot.test.mock.mockito.ResetMocksTestExecutionListener, org.springframework.boot.test.autoconfigure.restdocs.RestDocsTestExecutionListener, org.springframework.boot.test.autoconfigure.web.client.MockRestServiceServerResetTestExecutionListener, org.springframework.boot.test.autoconfigure.web.servlet.MockMvcPrintOnlyOnFailureTestExecutionListener, org.springframework.boot.test.autoconfigure.web.servlet.WebDriverTestExecutionListener, org.springframework.boot.test.autoconfigure.webservices.client.MockWebServiceServerTestExecutionListener, org.springframework.test.context.web.ServletTestExecutionListener, org.springframework.test.context.support.DirtiesContextBeforeModesTestExecutionListener, org.springframework.test.context.event.ApplicationEventsTestExecutionListener, org.springframework.test.context.support.DependencyInjectionTestExecutionListener, org.springframework.test.context.support.DirtiesContextTestExecutionListener, org.springframework.test.context.transaction.TransactionalTestExecutionListener, org.springframework.test.context.jdbc.SqlScriptsTestExecutionListener, org.springframework.test.context.event.EventPublishingTestExecutionListener]
15:36:05.501 [main] INFO org.springframework.boot.test.context.SpringBootTestContextBootstrapper - Using TestExecutionListeners: [org.springframework.test.context.web.ServletTestExecutionListener@3f07b12c, org.springframework.test.context.support.DirtiesContextBeforeModesTestExecutionListener@4bd1f8dd, org.springframework.test.context.event.ApplicationEventsTestExecutionListener@7096b474, org.springframework.boot.test.mock.mockito.MockitoTestExecutionListener@3e14c16d, org.springframework.boot.test.autoconfigure.SpringBootDependencyInjectionTestExecutionListener@3c989952, org.springframework.test.context.support.DirtiesContextTestExecutionListener@784b990c, org.springframework.test.context.transaction.TransactionalTestExecutionListener@3d3ba765, org.springframework.test.context.jdbc.SqlScriptsTestExecutionListener@25bc0606, org.springframework.test.context.event.EventPublishingTestExecutionListener@5d1659ea, org.springframework.boot.test.mock.mockito.ResetMocksTestExecutionListener@793138bd, org.springframework.boot.test.autoconfigure.restdocs.RestDocsTestExecutionListener@1951b871, org.springframework.boot.test.autoconfigure.web.client.MockRestServiceServerResetTestExecutionListener@5c18016b, org.springframework.boot.test.autoconfigure.web.servlet.MockMvcPrintOnlyOnFailureTestExecutionListener@33aeca0b, org.springframework.boot.test.autoconfigure.web.servlet.WebDriverTestExecutionListener@43aaf813, org.springframework.boot.test.autoconfigure.webservices.client.MockWebServiceServerTestExecutionListener@57ac5227]
15:36:05.532 [main] DEBUG org.springframework.test.context.support.AbstractDirtiesContextTestExecutionListener - Before test class: context [DefaultTestContext@4351c8c3 testClass = SpringLbdApplicationTests, testInstance = [null], testMethod = [null], testException = [null], mergedContextConfiguration = [WebMergedContextConfiguration@3381b4fc testClass = SpringLbdApplicationTests, locations = '{}', classes = '{class com.example.springlbd.SpringLbdApplication}', contextInitializerClasses = '[]', activeProfiles = '{}', propertySourceLocations = '{}', propertySourceProperties = '{org.springframework.boot.test.context.SpringBootTestContextBootstrapper=true}', contextCustomizers = set[org.springframework.boot.test.context.filter.ExcludeFilterContextCustomizer@2205a05d, org.springframework.boot.test.json.DuplicateJsonObjectContextCustomizerFactory$DuplicateJsonObjectContextCustomizer@5f20155b, org.springframework.boot.test.mock.mockito.MockitoContextCustomizer@0, org.springframework.boot.test.web.client.TestRestTemplateContextCustomizer@352ff4da, org.springframework.boot.test.autoconfigure.actuate.metrics.MetricsExportContextCustomizerFactory$DisableMetricExportContextCustomizer@7a3793c7, org.springframework.boot.test.autoconfigure.properties.PropertyMappingContextCustomizer@0, org.springframework.boot.test.autoconfigure.web.servlet.WebDriverContextCustomizerFactory$Customizer@24c4ddae, org.springframework.boot.test.context.SpringBootTestArgs@1, org.springframework.boot.test.context.SpringBootTestWebEnvironment@41fbdac4], resourceBasePath = 'src/main/webapp', contextLoader = 'org.springframework.boot.test.context.SpringBootContextLoader', parent = [null]], attributes = map['org.springframework.test.context.web.ServletTestExecutionListener.activateListener' -> true]], class annotated with @DirtiesContext [false] with mode [null].

  .   ____          _            __ _ _
 /\\ / ___'_ __ _ _(_)_ __  __ _ \ \ \ \
( ( )\___ | '_ | '_| | '_ \/ _` | \ \ \ \
 \\/  ___)| |_)| | | | | || (_| |  ) ) ) )
  '  |____| .__|_| |_|_| |_\__, | / / / /
 =========|_|==============|___/=/_/_/_/
 :: Spring Boot ::                (v2.7.1)

2022-08-17 15:36:06.236  INFO 24004 --- [           main] c.e.springlbd.SpringLbdApplicationTests  : Starting SpringLbdApplicationTests using Java 11.0.11 on komp with PID 24004 (started by Adam in C:\Users\Adam\IdeaProjects\spring-lbd)
2022-08-17 15:36:06.251  INFO 24004 --- [           main] c.e.springlbd.SpringLbdApplicationTests  : No active profile set, falling back to 1 default profile: "default"
2022-08-17 15:36:07.939  INFO 24004 --- [           main] .s.d.r.c.RepositoryConfigurationDelegate : Bootstrapping Spring Data JPA repositories in DEFAULT mode.
2022-08-17 15:36:08.079  INFO 24004 --- [           main] .s.d.r.c.RepositoryConfigurationDelegate : Finished Spring Data repository scanning in 119 ms. Found 3 JPA repository interfaces.
2022-08-17 15:36:09.236  INFO 24004 --- [           main] com.zaxxer.hikari.HikariDataSource       : HikariPool-1 - Starting...
2022-08-17 15:36:09.720  INFO 24004 --- [           main] com.zaxxer.hikari.HikariDataSource       : HikariPool-1 - Start completed.
2022-08-17 15:36:10.095 DEBUG 24004 --- [           main] j.LocalContainerEntityManagerFactoryBean : Building JPA container EntityManagerFactory for persistence unit 'default'
2022-08-17 15:36:10.142  INFO 24004 --- [           main] o.hibernate.jpa.internal.util.LogHelper  : HHH000204: Processing PersistenceUnitInfo [name: default]
2022-08-17 15:36:10.267  INFO 24004 --- [           main] org.hibernate.Version                    : HHH000412: Hibernate ORM core version 5.6.9.Final
2022-08-17 15:36:10.626  INFO 24004 --- [           main] o.hibernate.annotations.common.Version   : HCANN000001: Hibernate Commons Annotations {5.1.2.Final}
2022-08-17 15:36:11.407  INFO 24004 --- [           main] org.hibernate.dialect.Dialect            : HHH000400: Using dialect: org.hibernate.dialect.H2Dialect
2022-08-17 15:36:12.767  INFO 24004 --- [           main] o.h.e.t.j.p.i.JtaPlatformInitiator       : HHH000490: Using JtaPlatform implementation: [org.hibernate.engine.transaction.jta.platform.internal.NoJtaPlatform]
2022-08-17 15:36:12.782  INFO 24004 --- [           main] j.LocalContainerEntityManagerFactoryBean : Initialized JPA EntityManagerFactory for persistence unit 'default'
2022-08-17 15:36:13.173 DEBUG 24004 --- [           main] tor$SharedEntityManagerInvocationHandler : Creating new EntityManager for shared EntityManager invocation
2022-08-17 15:36:13.314 DEBUG 24004 --- [           main] tor$SharedEntityManagerInvocationHandler : Creating new EntityManager for shared EntityManager invocation
2022-08-17 15:36:13.501 DEBUG 24004 --- [           main] tor$SharedEntityManagerInvocationHandler : Creating new EntityManager for shared EntityManager invocation
2022-08-17 15:36:13.611 DEBUG 24004 --- [           main] tor$SharedEntityManagerInvocationHandler : Creating new EntityManager for shared EntityManager invocation
2022-08-17 15:36:13.892 DEBUG 24004 --- [           main] o.s.orm.jpa.JpaTransactionManager        : Creating new transaction with name [org.springframework.data.jpa.repository.support.SimpleJpaRepository.save]: PROPAGATION_REQUIRED,ISOLATION_DEFAULT
2022-08-17 15:36:13.892 DEBUG 24004 --- [           main] o.s.orm.jpa.JpaTransactionManager        : Opened new EntityManager [SessionImpl(1775349092<open>)] for JPA transaction
2022-08-17 15:36:13.907 DEBUG 24004 --- [           main] o.s.orm.jpa.JpaTransactionManager        : Exposing JPA transaction as JDBC [org.springframework.orm.jpa.vendor.HibernateJpaDialect$HibernateConnectionHandle@5036a286]
Hibernate: 
    insert 
    into
        user_story
        (id, description, name, story_points, status) 
    values
        (default, ?, ?, ?, ?)
2022-08-17 15:36:13.986 DEBUG 24004 --- [           main] o.s.orm.jpa.JpaTransactionManager        : Initiating transaction commit
2022-08-17 15:36:13.986 DEBUG 24004 --- [           main] o.s.orm.jpa.JpaTransactionManager        : Committing JPA transaction on EntityManager [SessionImpl(1775349092<open>)]
2022-08-17 15:36:14.001 DEBUG 24004 --- [           main] o.s.orm.jpa.JpaTransactionManager        : Closing JPA EntityManager [SessionImpl(1775349092<open>)] after transaction
2022-08-17 15:36:14.001 DEBUG 24004 --- [           main] o.s.orm.jpa.JpaTransactionManager        : Creating new transaction with name [org.springframework.data.jpa.repository.support.SimpleJpaRepository.save]: PROPAGATION_REQUIRED,ISOLATION_DEFAULT
2022-08-17 15:36:14.001 DEBUG 24004 --- [           main] o.s.orm.jpa.JpaTransactionManager        : Opened new EntityManager [SessionImpl(140665423<open>)] for JPA transaction
2022-08-17 15:36:14.001 DEBUG 24004 --- [           main] o.s.orm.jpa.JpaTransactionManager        : Exposing JPA transaction as JDBC [org.springframework.orm.jpa.vendor.HibernateJpaDialect$HibernateConnectionHandle@3aa8c337]
Hibernate: 
    insert 
    into
        user_story
        (id, description, name, story_points, status) 
    values
        (default, ?, ?, ?, ?)
2022-08-17 15:36:14.017 DEBUG 24004 --- [           main] o.s.orm.jpa.JpaTransactionManager        : Initiating transaction commit
2022-08-17 15:36:14.017 DEBUG 24004 --- [           main] o.s.orm.jpa.JpaTransactionManager        : Committing JPA transaction on EntityManager [SessionImpl(140665423<open>)]
2022-08-17 15:36:14.017 DEBUG 24004 --- [           main] o.s.orm.jpa.JpaTransactionManager        : Closing JPA EntityManager [SessionImpl(140665423<open>)] after transaction
2022-08-17 15:36:14.017 DEBUG 24004 --- [           main] o.s.orm.jpa.JpaTransactionManager        : Creating new transaction with name [org.springframework.data.jpa.repository.support.SimpleJpaRepository.save]: PROPAGATION_REQUIRED,ISOLATION_DEFAULT
2022-08-17 15:36:14.017 DEBUG 24004 --- [           main] o.s.orm.jpa.JpaTransactionManager        : Opened new EntityManager [SessionImpl(13059135<open>)] for JPA transaction
2022-08-17 15:36:14.017 DEBUG 24004 --- [           main] o.s.orm.jpa.JpaTransactionManager        : Exposing JPA transaction as JDBC [org.springframework.orm.jpa.vendor.HibernateJpaDialect$HibernateConnectionHandle@74e175c7]
Hibernate: 
    insert 
    into
        user_story
        (id, description, name, story_points, status) 
    values
        (default, ?, ?, ?, ?)
2022-08-17 15:36:14.017 DEBUG 24004 --- [           main] o.s.orm.jpa.JpaTransactionManager        : Initiating transaction commit
2022-08-17 15:36:14.017 DEBUG 24004 --- [           main] o.s.orm.jpa.JpaTransactionManager        : Committing JPA transaction on EntityManager [SessionImpl(13059135<open>)]
2022-08-17 15:36:14.017 DEBUG 24004 --- [           main] o.s.orm.jpa.JpaTransactionManager        : Closing JPA EntityManager [SessionImpl(13059135<open>)] after transaction
2022-08-17 15:36:14.032 DEBUG 24004 --- [           main] o.s.orm.jpa.JpaTransactionManager        : Creating new transaction with name [org.springframework.data.jpa.repository.support.SimpleJpaRepository.save]: PROPAGATION_REQUIRED,ISOLATION_DEFAULT
2022-08-17 15:36:14.032 DEBUG 24004 --- [           main] o.s.orm.jpa.JpaTransactionManager        : Opened new EntityManager [SessionImpl(1897093012<open>)] for JPA transaction
2022-08-17 15:36:14.032 DEBUG 24004 --- [           main] o.s.orm.jpa.JpaTransactionManager        : Exposing JPA transaction as JDBC [org.springframework.orm.jpa.vendor.HibernateJpaDialect$HibernateConnectionHandle@79b0956e]
Hibernate: 
    insert 
    into
        user_story
        (id, description, name, story_points, status) 
    values
        (default, ?, ?, ?, ?)
2022-08-17 15:36:14.032 DEBUG 24004 --- [           main] o.s.orm.jpa.JpaTransactionManager        : Initiating transaction commit
2022-08-17 15:36:14.032 DEBUG 24004 --- [           main] o.s.orm.jpa.JpaTransactionManager        : Committing JPA transaction on EntityManager [SessionImpl(1897093012<open>)]
2022-08-17 15:36:14.032 DEBUG 24004 --- [           main] o.s.orm.jpa.JpaTransactionManager        : Closing JPA EntityManager [SessionImpl(1897093012<open>)] after transaction
2022-08-17 15:36:14.032 DEBUG 24004 --- [           main] o.s.orm.jpa.JpaTransactionManager        : Creating new transaction with name [org.springframework.data.jpa.repository.support.SimpleJpaRepository.save]: PROPAGATION_REQUIRED,ISOLATION_DEFAULT
2022-08-17 15:36:14.032 DEBUG 24004 --- [           main] o.s.orm.jpa.JpaTransactionManager        : Opened new EntityManager [SessionImpl(938878928<open>)] for JPA transaction
2022-08-17 15:36:14.032 DEBUG 24004 --- [           main] o.s.orm.jpa.JpaTransactionManager        : Exposing JPA transaction as JDBC [org.springframework.orm.jpa.vendor.HibernateJpaDialect$HibernateConnectionHandle@2a7392a3]
Hibernate: 
    insert 
    into
        user_story
        (id, description, name, story_points, status) 
    values
        (default, ?, ?, ?, ?)
2022-08-17 15:36:14.032 DEBUG 24004 --- [           main] o.s.orm.jpa.JpaTransactionManager        : Initiating transaction commit
2022-08-17 15:36:14.032 DEBUG 24004 --- [           main] o.s.orm.jpa.JpaTransactionManager        : Committing JPA transaction on EntityManager [SessionImpl(938878928<open>)]
2022-08-17 15:36:14.032 DEBUG 24004 --- [           main] o.s.orm.jpa.JpaTransactionManager        : Closing JPA EntityManager [SessionImpl(938878928<open>)] after transaction
2022-08-17 15:36:14.032 DEBUG 24004 --- [           main] o.s.orm.jpa.JpaTransactionManager        : Creating new transaction with name [org.springframework.data.jpa.repository.support.SimpleJpaRepository.save]: PROPAGATION_REQUIRED,ISOLATION_DEFAULT
2022-08-17 15:36:14.032 DEBUG 24004 --- [           main] o.s.orm.jpa.JpaTransactionManager        : Opened new EntityManager [SessionImpl(1401070431<open>)] for JPA transaction
2022-08-17 15:36:14.032 DEBUG 24004 --- [           main] o.s.orm.jpa.JpaTransactionManager        : Exposing JPA transaction as JDBC [org.springframework.orm.jpa.vendor.HibernateJpaDialect$HibernateConnectionHandle@7901a5ab]
Hibernate: 
    insert 
    into
        user_story
        (id, description, name, story_points, status) 
    values
        (default, ?, ?, ?, ?)
2022-08-17 15:36:14.032 DEBUG 24004 --- [           main] o.s.orm.jpa.JpaTransactionManager        : Initiating transaction commit
2022-08-17 15:36:14.032 DEBUG 24004 --- [           main] o.s.orm.jpa.JpaTransactionManager        : Committing JPA transaction on EntityManager [SessionImpl(1401070431<open>)]
2022-08-17 15:36:14.048 DEBUG 24004 --- [           main] o.s.orm.jpa.JpaTransactionManager        : Closing JPA EntityManager [SessionImpl(1401070431<open>)] after transaction
2022-08-17 15:36:14.048 DEBUG 24004 --- [           main] o.s.orm.jpa.JpaTransactionManager        : Creating new transaction with name [org.springframework.data.jpa.repository.support.SimpleJpaRepository.save]: PROPAGATION_REQUIRED,ISOLATION_DEFAULT
2022-08-17 15:36:14.048 DEBUG 24004 --- [           main] o.s.orm.jpa.JpaTransactionManager        : Opened new EntityManager [SessionImpl(1042594486<open>)] for JPA transaction
2022-08-17 15:36:14.048 DEBUG 24004 --- [           main] o.s.orm.jpa.JpaTransactionManager        : Exposing JPA transaction as JDBC [org.springframework.orm.jpa.vendor.HibernateJpaDialect$HibernateConnectionHandle@2ba9ed19]
Hibernate: 
    insert 
    into
        user_story
        (id, description, name, story_points, status) 
    values
        (default, ?, ?, ?, ?)
2022-08-17 15:36:14.048 DEBUG 24004 --- [           main] o.s.orm.jpa.JpaTransactionManager        : Initiating transaction commit
2022-08-17 15:36:14.048 DEBUG 24004 --- [           main] o.s.orm.jpa.JpaTransactionManager        : Committing JPA transaction on EntityManager [SessionImpl(1042594486<open>)]
2022-08-17 15:36:14.048 DEBUG 24004 --- [           main] o.s.orm.jpa.JpaTransactionManager        : Closing JPA EntityManager [SessionImpl(1042594486<open>)] after transaction
2022-08-17 15:36:14.048 DEBUG 24004 --- [           main] o.s.orm.jpa.JpaTransactionManager        : Creating new transaction with name [org.springframework.data.jpa.repository.support.SimpleJpaRepository.save]: PROPAGATION_REQUIRED,ISOLATION_DEFAULT
2022-08-17 15:36:14.048 DEBUG 24004 --- [           main] o.s.orm.jpa.JpaTransactionManager        : Opened new EntityManager [SessionImpl(1679616529<open>)] for JPA transaction
2022-08-17 15:36:14.048 DEBUG 24004 --- [           main] o.s.orm.jpa.JpaTransactionManager        : Exposing JPA transaction as JDBC [org.springframework.orm.jpa.vendor.HibernateJpaDialect$HibernateConnectionHandle@4e3d36c2]
Hibernate: 
    insert 
    into
        user_story
        (id, description, name, story_points, status) 
    values
        (default, ?, ?, ?, ?)
2022-08-17 15:36:14.048 DEBUG 24004 --- [           main] o.s.orm.jpa.JpaTransactionManager        : Initiating transaction commit
2022-08-17 15:36:14.048 DEBUG 24004 --- [           main] o.s.orm.jpa.JpaTransactionManager        : Committing JPA transaction on EntityManager [SessionImpl(1679616529<open>)]
2022-08-17 15:36:14.064 DEBUG 24004 --- [           main] o.s.orm.jpa.JpaTransactionManager        : Closing JPA EntityManager [SessionImpl(1679616529<open>)] after transaction
2022-08-17 15:36:14.064 DEBUG 24004 --- [           main] o.s.orm.jpa.JpaTransactionManager        : Creating new transaction with name [org.springframework.data.jpa.repository.support.SimpleJpaRepository.save]: PROPAGATION_REQUIRED,ISOLATION_DEFAULT
2022-08-17 15:36:14.064 DEBUG 24004 --- [           main] o.s.orm.jpa.JpaTransactionManager        : Opened new EntityManager [SessionImpl(641618222<open>)] for JPA transaction
2022-08-17 15:36:14.064 DEBUG 24004 --- [           main] o.s.orm.jpa.JpaTransactionManager        : Exposing JPA transaction as JDBC [org.springframework.orm.jpa.vendor.HibernateJpaDialect$HibernateConnectionHandle@62c42a3]
Hibernate: 
    insert 
    into
        user_story
        (id, description, name, story_points, status) 
    values
        (default, ?, ?, ?, ?)
2022-08-17 15:36:14.064 DEBUG 24004 --- [           main] o.s.orm.jpa.JpaTransactionManager        : Initiating transaction commit
2022-08-17 15:36:14.064 DEBUG 24004 --- [           main] o.s.orm.jpa.JpaTransactionManager        : Committing JPA transaction on EntityManager [SessionImpl(641618222<open>)]
2022-08-17 15:36:14.064 DEBUG 24004 --- [           main] o.s.orm.jpa.JpaTransactionManager        : Closing JPA EntityManager [SessionImpl(641618222<open>)] after transaction
2022-08-17 15:36:14.064 DEBUG 24004 --- [           main] o.s.orm.jpa.JpaTransactionManager        : Creating new transaction with name [org.springframework.data.jpa.repository.support.SimpleJpaRepository.save]: PROPAGATION_REQUIRED,ISOLATION_DEFAULT
2022-08-17 15:36:14.064 DEBUG 24004 --- [           main] o.s.orm.jpa.JpaTransactionManager        : Opened new EntityManager [SessionImpl(1289154699<open>)] for JPA transaction
2022-08-17 15:36:14.064 DEBUG 24004 --- [           main] o.s.orm.jpa.JpaTransactionManager        : Exposing JPA transaction as JDBC [org.springframework.orm.jpa.vendor.HibernateJpaDialect$HibernateConnectionHandle@78b2d29e]
Hibernate: 
    insert 
    into
        user_story
        (id, description, name, story_points, status) 
    values
        (default, ?, ?, ?, ?)
2022-08-17 15:36:14.064 DEBUG 24004 --- [           main] o.s.orm.jpa.JpaTransactionManager        : Initiating transaction commit
2022-08-17 15:36:14.064 DEBUG 24004 --- [           main] o.s.orm.jpa.JpaTransactionManager        : Committing JPA transaction on EntityManager [SessionImpl(1289154699<open>)]
2022-08-17 15:36:14.064 DEBUG 24004 --- [           main] o.s.orm.jpa.JpaTransactionManager        : Closing JPA EntityManager [SessionImpl(1289154699<open>)] after transaction
2022-08-17 15:36:14.064 DEBUG 24004 --- [           main] o.s.orm.jpa.JpaTransactionManager        : Creating new transaction with name [org.springframework.data.jpa.repository.support.SimpleJpaRepository.save]: PROPAGATION_REQUIRED,ISOLATION_DEFAULT
2022-08-17 15:36:14.064 DEBUG 24004 --- [           main] o.s.orm.jpa.JpaTransactionManager        : Opened new EntityManager [SessionImpl(632554218<open>)] for JPA transaction
2022-08-17 15:36:14.079 DEBUG 24004 --- [           main] o.s.orm.jpa.JpaTransactionManager        : Exposing JPA transaction as JDBC [org.springframework.orm.jpa.vendor.HibernateJpaDialect$HibernateConnectionHandle@2fccd98f]
Hibernate: 
    insert 
    into
        user_story
        (id, description, name, story_points, status) 
    values
        (default, ?, ?, ?, ?)
2022-08-17 15:36:14.079 DEBUG 24004 --- [           main] o.s.orm.jpa.JpaTransactionManager        : Initiating transaction commit
2022-08-17 15:36:14.079 DEBUG 24004 --- [           main] o.s.orm.jpa.JpaTransactionManager        : Committing JPA transaction on EntityManager [SessionImpl(632554218<open>)]
2022-08-17 15:36:14.079 DEBUG 24004 --- [           main] o.s.orm.jpa.JpaTransactionManager        : Closing JPA EntityManager [SessionImpl(632554218<open>)] after transaction
2022-08-17 15:36:14.079 DEBUG 24004 --- [           main] o.s.orm.jpa.JpaTransactionManager        : Creating new transaction with name [org.springframework.data.jpa.repository.support.SimpleJpaRepository.save]: PROPAGATION_REQUIRED,ISOLATION_DEFAULT
2022-08-17 15:36:14.079 DEBUG 24004 --- [           main] o.s.orm.jpa.JpaTransactionManager        : Opened new EntityManager [SessionImpl(1465902810<open>)] for JPA transaction
2022-08-17 15:36:14.079 DEBUG 24004 --- [           main] o.s.orm.jpa.JpaTransactionManager        : Exposing JPA transaction as JDBC [org.springframework.orm.jpa.vendor.HibernateJpaDialect$HibernateConnectionHandle@149238fe]
Hibernate: 
    insert 
    into
        user_story
        (id, description, name, story_points, status) 
    values
        (default, ?, ?, ?, ?)
2022-08-17 15:36:14.079 DEBUG 24004 --- [           main] o.s.orm.jpa.JpaTransactionManager        : Initiating transaction commit
2022-08-17 15:36:14.126 DEBUG 24004 --- [           main] o.s.orm.jpa.JpaTransactionManager        : Committing JPA transaction on EntityManager [SessionImpl(1465902810<open>)]
2022-08-17 15:36:14.142 DEBUG 24004 --- [           main] o.s.orm.jpa.JpaTransactionManager        : Closing JPA EntityManager [SessionImpl(1465902810<open>)] after transaction
2022-08-17 15:36:14.142 DEBUG 24004 --- [           main] o.s.orm.jpa.JpaTransactionManager        : Creating new transaction with name [org.springframework.data.jpa.repository.support.SimpleJpaRepository.save]: PROPAGATION_REQUIRED,ISOLATION_DEFAULT
2022-08-17 15:36:14.142 DEBUG 24004 --- [           main] o.s.orm.jpa.JpaTransactionManager        : Opened new EntityManager [SessionImpl(193023523<open>)] for JPA transaction
2022-08-17 15:36:14.142 DEBUG 24004 --- [           main] o.s.orm.jpa.JpaTransactionManager        : Exposing JPA transaction as JDBC [org.springframework.orm.jpa.vendor.HibernateJpaDialect$HibernateConnectionHandle@5f81507a]
Hibernate: 
    insert 
    into
        user_story
        (id, description, name, story_points, status) 
    values
        (default, ?, ?, ?, ?)
2022-08-17 15:36:14.157 DEBUG 24004 --- [           main] o.s.orm.jpa.JpaTransactionManager        : Initiating transaction commit
2022-08-17 15:36:14.157 DEBUG 24004 --- [           main] o.s.orm.jpa.JpaTransactionManager        : Committing JPA transaction on EntityManager [SessionImpl(193023523<open>)]
2022-08-17 15:36:14.157 DEBUG 24004 --- [           main] o.s.orm.jpa.JpaTransactionManager        : Closing JPA EntityManager [SessionImpl(193023523<open>)] after transaction
2022-08-17 15:36:14.173 DEBUG 24004 --- [           main] o.s.orm.jpa.JpaTransactionManager        : Creating new transaction with name [org.springframework.data.jpa.repository.support.SimpleJpaRepository.save]: PROPAGATION_REQUIRED,ISOLATION_DEFAULT
2022-08-17 15:36:14.173 DEBUG 24004 --- [           main] o.s.orm.jpa.JpaTransactionManager        : Opened new EntityManager [SessionImpl(698209153<open>)] for JPA transaction
2022-08-17 15:36:14.173 DEBUG 24004 --- [           main] o.s.orm.jpa.JpaTransactionManager        : Exposing JPA transaction as JDBC [org.springframework.orm.jpa.vendor.HibernateJpaDialect$HibernateConnectionHandle@34d3409d]
Hibernate: 
    insert 
    into
        user_story
        (id, description, name, story_points, status) 
    values
        (default, ?, ?, ?, ?)
2022-08-17 15:36:14.173 DEBUG 24004 --- [           main] o.s.orm.jpa.JpaTransactionManager        : Initiating transaction commit
2022-08-17 15:36:14.173 DEBUG 24004 --- [           main] o.s.orm.jpa.JpaTransactionManager        : Committing JPA transaction on EntityManager [SessionImpl(698209153<open>)]
2022-08-17 15:36:14.173 DEBUG 24004 --- [           main] o.s.orm.jpa.JpaTransactionManager        : Closing JPA EntityManager [SessionImpl(698209153<open>)] after transaction
2022-08-17 15:36:14.173 DEBUG 24004 --- [           main] o.s.orm.jpa.JpaTransactionManager        : Creating new transaction with name [org.springframework.data.jpa.repository.support.SimpleJpaRepository.save]: PROPAGATION_REQUIRED,ISOLATION_DEFAULT
2022-08-17 15:36:14.173 DEBUG 24004 --- [           main] o.s.orm.jpa.JpaTransactionManager        : Opened new EntityManager [SessionImpl(1365245749<open>)] for JPA transaction
2022-08-17 15:36:14.173 DEBUG 24004 --- [           main] o.s.orm.jpa.JpaTransactionManager        : Exposing JPA transaction as JDBC [org.springframework.orm.jpa.vendor.HibernateJpaDialect$HibernateConnectionHandle@5eb9bf7d]
Hibernate: 
    insert 
    into
        user_story
        (id, description, name, story_points, status) 
    values
        (default, ?, ?, ?, ?)
2022-08-17 15:36:14.173 DEBUG 24004 --- [           main] o.s.orm.jpa.JpaTransactionManager        : Initiating transaction commit
2022-08-17 15:36:14.173 DEBUG 24004 --- [           main] o.s.orm.jpa.JpaTransactionManager        : Committing JPA transaction on EntityManager [SessionImpl(1365245749<open>)]
2022-08-17 15:36:14.189 DEBUG 24004 --- [           main] o.s.orm.jpa.JpaTransactionManager        : Closing JPA EntityManager [SessionImpl(1365245749<open>)] after transaction
2022-08-17 15:36:14.204 DEBUG 24004 --- [           main] o.s.orm.jpa.JpaTransactionManager        : Creating new transaction with name [org.springframework.data.jpa.repository.support.SimpleJpaRepository.save]: PROPAGATION_REQUIRED,ISOLATION_DEFAULT
2022-08-17 15:36:14.204 DEBUG 24004 --- [           main] o.s.orm.jpa.JpaTransactionManager        : Opened new EntityManager [SessionImpl(1310785558<open>)] for JPA transaction
2022-08-17 15:36:14.204 DEBUG 24004 --- [           main] o.s.orm.jpa.JpaTransactionManager        : Exposing JPA transaction as JDBC [org.springframework.orm.jpa.vendor.HibernateJpaDialect$HibernateConnectionHandle@2fc40856]
Hibernate: 
    insert 
    into
        user_story
        (id, description, name, story_points, status) 
    values
        (default, ?, ?, ?, ?)
2022-08-17 15:36:14.204 DEBUG 24004 --- [           main] o.s.orm.jpa.JpaTransactionManager        : Initiating transaction commit
2022-08-17 15:36:14.204 DEBUG 24004 --- [           main] o.s.orm.jpa.JpaTransactionManager        : Committing JPA transaction on EntityManager [SessionImpl(1310785558<open>)]
2022-08-17 15:36:14.204 DEBUG 24004 --- [           main] o.s.orm.jpa.JpaTransactionManager        : Closing JPA EntityManager [SessionImpl(1310785558<open>)] after transaction
2022-08-17 15:36:14.204 DEBUG 24004 --- [           main] o.s.orm.jpa.JpaTransactionManager        : Creating new transaction with name [org.springframework.data.jpa.repository.support.SimpleJpaRepository.save]: PROPAGATION_REQUIRED,ISOLATION_DEFAULT
2022-08-17 15:36:14.204 DEBUG 24004 --- [           main] o.s.orm.jpa.JpaTransactionManager        : Opened new EntityManager [SessionImpl(2103491930<open>)] for JPA transaction
2022-08-17 15:36:14.204 DEBUG 24004 --- [           main] o.s.orm.jpa.JpaTransactionManager        : Exposing JPA transaction as JDBC [org.springframework.orm.jpa.vendor.HibernateJpaDialect$HibernateConnectionHandle@43312512]
Hibernate: 
    insert 
    into
        user_story
        (id, description, name, story_points, status) 
    values
        (default, ?, ?, ?, ?)
2022-08-17 15:36:14.204 DEBUG 24004 --- [           main] o.s.orm.jpa.JpaTransactionManager        : Initiating transaction commit
2022-08-17 15:36:14.204 DEBUG 24004 --- [           main] o.s.orm.jpa.JpaTransactionManager        : Committing JPA transaction on EntityManager [SessionImpl(2103491930<open>)]
2022-08-17 15:36:14.204 DEBUG 24004 --- [           main] o.s.orm.jpa.JpaTransactionManager        : Closing JPA EntityManager [SessionImpl(2103491930<open>)] after transaction
2022-08-17 15:36:14.204 DEBUG 24004 --- [           main] o.s.orm.jpa.JpaTransactionManager        : Creating new transaction with name [org.springframework.data.jpa.repository.support.SimpleJpaRepository.save]: PROPAGATION_REQUIRED,ISOLATION_DEFAULT
2022-08-17 15:36:14.204 DEBUG 24004 --- [           main] o.s.orm.jpa.JpaTransactionManager        : Opened new EntityManager [SessionImpl(1476314687<open>)] for JPA transaction
2022-08-17 15:36:14.204 DEBUG 24004 --- [           main] o.s.orm.jpa.JpaTransactionManager        : Exposing JPA transaction as JDBC [org.springframework.orm.jpa.vendor.HibernateJpaDialect$HibernateConnectionHandle@7a2fd94c]
Hibernate: 
    insert 
    into
        user_story
        (id, description, name, story_points, status) 
    values
        (default, ?, ?, ?, ?)
2022-08-17 15:36:14.204 DEBUG 24004 --- [           main] o.s.orm.jpa.JpaTransactionManager        : Initiating transaction commit
2022-08-17 15:36:14.204 DEBUG 24004 --- [           main] o.s.orm.jpa.JpaTransactionManager        : Committing JPA transaction on EntityManager [SessionImpl(1476314687<open>)]
2022-08-17 15:36:14.204 DEBUG 24004 --- [           main] o.s.orm.jpa.JpaTransactionManager        : Closing JPA EntityManager [SessionImpl(1476314687<open>)] after transaction
2022-08-17 15:36:14.204 DEBUG 24004 --- [           main] o.s.orm.jpa.JpaTransactionManager        : Creating new transaction with name [org.springframework.data.jpa.repository.support.SimpleJpaRepository.save]: PROPAGATION_REQUIRED,ISOLATION_DEFAULT
2022-08-17 15:36:14.204 DEBUG 24004 --- [           main] o.s.orm.jpa.JpaTransactionManager        : Opened new EntityManager [SessionImpl(820074024<open>)] for JPA transaction
2022-08-17 15:36:14.204 DEBUG 24004 --- [           main] o.s.orm.jpa.JpaTransactionManager        : Exposing JPA transaction as JDBC [org.springframework.orm.jpa.vendor.HibernateJpaDialect$HibernateConnectionHandle@37ab1b10]
Hibernate: 
    insert 
    into
        user_story
        (id, description, name, story_points, status) 
    values
        (default, ?, ?, ?, ?)
2022-08-17 15:36:14.220 DEBUG 24004 --- [           main] o.s.orm.jpa.JpaTransactionManager        : Initiating transaction commit
2022-08-17 15:36:14.220 DEBUG 24004 --- [           main] o.s.orm.jpa.JpaTransactionManager        : Committing JPA transaction on EntityManager [SessionImpl(820074024<open>)]
2022-08-17 15:36:14.220 DEBUG 24004 --- [           main] o.s.orm.jpa.JpaTransactionManager        : Closing JPA EntityManager [SessionImpl(820074024<open>)] after transaction
2022-08-17 15:36:14.220 DEBUG 24004 --- [           main] o.s.orm.jpa.JpaTransactionManager        : Creating new transaction with name [org.springframework.data.jpa.repository.support.SimpleJpaRepository.save]: PROPAGATION_REQUIRED,ISOLATION_DEFAULT
2022-08-17 15:36:14.220 DEBUG 24004 --- [           main] o.s.orm.jpa.JpaTransactionManager        : Opened new EntityManager [SessionImpl(888721033<open>)] for JPA transaction
2022-08-17 15:36:14.220 DEBUG 24004 --- [           main] o.s.orm.jpa.JpaTransactionManager        : Exposing JPA transaction as JDBC [org.springframework.orm.jpa.vendor.HibernateJpaDialect$HibernateConnectionHandle@22ed2886]
Hibernate: 
    insert 
    into
        user_story
        (id, description, name, story_points, status) 
    values
        (default, ?, ?, ?, ?)
2022-08-17 15:36:14.220 DEBUG 24004 --- [           main] o.s.orm.jpa.JpaTransactionManager        : Initiating transaction commit
2022-08-17 15:36:14.220 DEBUG 24004 --- [           main] o.s.orm.jpa.JpaTransactionManager        : Committing JPA transaction on EntityManager [SessionImpl(888721033<open>)]
2022-08-17 15:36:14.220 DEBUG 24004 --- [           main] o.s.orm.jpa.JpaTransactionManager        : Closing JPA EntityManager [SessionImpl(888721033<open>)] after transaction
2022-08-17 15:36:14.220 DEBUG 24004 --- [           main] o.s.orm.jpa.JpaTransactionManager        : Creating new transaction with name [org.springframework.data.jpa.repository.support.SimpleJpaRepository.save]: PROPAGATION_REQUIRED,ISOLATION_DEFAULT
2022-08-17 15:36:14.220 DEBUG 24004 --- [           main] o.s.orm.jpa.JpaTransactionManager        : Opened new EntityManager [SessionImpl(1931675425<open>)] for JPA transaction
2022-08-17 15:36:14.220 DEBUG 24004 --- [           main] o.s.orm.jpa.JpaTransactionManager        : Exposing JPA transaction as JDBC [org.springframework.orm.jpa.vendor.HibernateJpaDialect$HibernateConnectionHandle@10bcbbce]
Hibernate: 
    insert 
    into
        user_story
        (id, description, name, story_points, status) 
    values
        (default, ?, ?, ?, ?)
2022-08-17 15:36:14.220 DEBUG 24004 --- [           main] o.s.orm.jpa.JpaTransactionManager        : Initiating transaction commit
2022-08-17 15:36:14.220 DEBUG 24004 --- [           main] o.s.orm.jpa.JpaTransactionManager        : Committing JPA transaction on EntityManager [SessionImpl(1931675425<open>)]
2022-08-17 15:36:14.220 DEBUG 24004 --- [           main] o.s.orm.jpa.JpaTransactionManager        : Closing JPA EntityManager [SessionImpl(1931675425<open>)] after transaction
2022-08-17 15:36:14.220 DEBUG 24004 --- [           main] o.s.orm.jpa.JpaTransactionManager        : Creating new transaction with name [org.springframework.data.jpa.repository.support.SimpleJpaRepository.save]: PROPAGATION_REQUIRED,ISOLATION_DEFAULT
2022-08-17 15:36:14.220 DEBUG 24004 --- [           main] o.s.orm.jpa.JpaTransactionManager        : Opened new EntityManager [SessionImpl(213662707<open>)] for JPA transaction
2022-08-17 15:36:14.220 DEBUG 24004 --- [           main] o.s.orm.jpa.JpaTransactionManager        : Exposing JPA transaction as JDBC [org.springframework.orm.jpa.vendor.HibernateJpaDialect$HibernateConnectionHandle@31f9f9b3]
Hibernate: 
    insert 
    into
        user_story
        (id, description, name, story_points, status) 
    values
        (default, ?, ?, ?, ?)
2022-08-17 15:36:14.236 DEBUG 24004 --- [           main] o.s.orm.jpa.JpaTransactionManager        : Initiating transaction commit
2022-08-17 15:36:14.236 DEBUG 24004 --- [           main] o.s.orm.jpa.JpaTransactionManager        : Committing JPA transaction on EntityManager [SessionImpl(213662707<open>)]
2022-08-17 15:36:14.236 DEBUG 24004 --- [           main] o.s.orm.jpa.JpaTransactionManager        : Closing JPA EntityManager [SessionImpl(213662707<open>)] after transaction
2022-08-17 15:36:14.236 DEBUG 24004 --- [           main] o.s.orm.jpa.JpaTransactionManager        : Creating new transaction with name [org.springframework.data.jpa.repository.support.SimpleJpaRepository.save]: PROPAGATION_REQUIRED,ISOLATION_DEFAULT
2022-08-17 15:36:14.236 DEBUG 24004 --- [           main] o.s.orm.jpa.JpaTransactionManager        : Opened new EntityManager [SessionImpl(1100254227<open>)] for JPA transaction
2022-08-17 15:36:14.236 DEBUG 24004 --- [           main] o.s.orm.jpa.JpaTransactionManager        : Exposing JPA transaction as JDBC [org.springframework.orm.jpa.vendor.HibernateJpaDialect$HibernateConnectionHandle@3085befb]
Hibernate: 
    insert 
    into
        user_story
        (id, description, name, story_points, status) 
    values
        (default, ?, ?, ?, ?)
2022-08-17 15:36:14.236 DEBUG 24004 --- [           main] o.s.orm.jpa.JpaTransactionManager        : Initiating transaction commit
2022-08-17 15:36:14.236 DEBUG 24004 --- [           main] o.s.orm.jpa.JpaTransactionManager        : Committing JPA transaction on EntityManager [SessionImpl(1100254227<open>)]
2022-08-17 15:36:14.236 DEBUG 24004 --- [           main] o.s.orm.jpa.JpaTransactionManager        : Closing JPA EntityManager [SessionImpl(1100254227<open>)] after transaction
2022-08-17 15:36:14.236 DEBUG 24004 --- [           main] o.s.orm.jpa.JpaTransactionManager        : Creating new transaction with name [org.springframework.data.jpa.repository.support.SimpleJpaRepository.save]: PROPAGATION_REQUIRED,ISOLATION_DEFAULT
2022-08-17 15:36:14.236 DEBUG 24004 --- [           main] o.s.orm.jpa.JpaTransactionManager        : Opened new EntityManager [SessionImpl(1396606983<open>)] for JPA transaction
2022-08-17 15:36:14.236 DEBUG 24004 --- [           main] o.s.orm.jpa.JpaTransactionManager        : Exposing JPA transaction as JDBC [org.springframework.orm.jpa.vendor.HibernateJpaDialect$HibernateConnectionHandle@322eb1a]
Hibernate: 
    insert 
    into
        user_story
        (id, description, name, story_points, status) 
    values
        (default, ?, ?, ?, ?)
2022-08-17 15:36:14.236 DEBUG 24004 --- [           main] o.s.orm.jpa.JpaTransactionManager        : Initiating transaction commit
2022-08-17 15:36:14.236 DEBUG 24004 --- [           main] o.s.orm.jpa.JpaTransactionManager        : Committing JPA transaction on EntityManager [SessionImpl(1396606983<open>)]
2022-08-17 15:36:14.236 DEBUG 24004 --- [           main] o.s.orm.jpa.JpaTransactionManager        : Closing JPA EntityManager [SessionImpl(1396606983<open>)] after transaction
2022-08-17 15:36:14.236 DEBUG 24004 --- [           main] o.s.orm.jpa.JpaTransactionManager        : Creating new transaction with name [org.springframework.data.jpa.repository.support.SimpleJpaRepository.save]: PROPAGATION_REQUIRED,ISOLATION_DEFAULT
2022-08-17 15:36:14.236 DEBUG 24004 --- [           main] o.s.orm.jpa.JpaTransactionManager        : Opened new EntityManager [SessionImpl(1514521112<open>)] for JPA transaction
2022-08-17 15:36:14.236 DEBUG 24004 --- [           main] o.s.orm.jpa.JpaTransactionManager        : Exposing JPA transaction as JDBC [org.springframework.orm.jpa.vendor.HibernateJpaDialect$HibernateConnectionHandle@2c6efee3]
Hibernate: 
    insert 
    into
        user_story
        (id, description, name, story_points, status) 
    values
        (default, ?, ?, ?, ?)
2022-08-17 15:36:14.236 DEBUG 24004 --- [           main] o.s.orm.jpa.JpaTransactionManager        : Initiating transaction commit
2022-08-17 15:36:14.236 DEBUG 24004 --- [           main] o.s.orm.jpa.JpaTransactionManager        : Committing JPA transaction on EntityManager [SessionImpl(1514521112<open>)]
2022-08-17 15:36:14.236 DEBUG 24004 --- [           main] o.s.orm.jpa.JpaTransactionManager        : Closing JPA EntityManager [SessionImpl(1514521112<open>)] after transaction
2022-08-17 15:36:14.236 DEBUG 24004 --- [           main] o.s.orm.jpa.JpaTransactionManager        : Creating new transaction with name [org.springframework.data.jpa.repository.support.SimpleJpaRepository.save]: PROPAGATION_REQUIRED,ISOLATION_DEFAULT
2022-08-17 15:36:14.236 DEBUG 24004 --- [           main] o.s.orm.jpa.JpaTransactionManager        : Opened new EntityManager [SessionImpl(1788971282<open>)] for JPA transaction
2022-08-17 15:36:14.236 DEBUG 24004 --- [           main] o.s.orm.jpa.JpaTransactionManager        : Exposing JPA transaction as JDBC [org.springframework.orm.jpa.vendor.HibernateJpaDialect$HibernateConnectionHandle@5c20505f]
Hibernate: 
    insert 
    into
        user_story
        (id, description, name, story_points, status) 
    values
        (default, ?, ?, ?, ?)
2022-08-17 15:36:14.236 DEBUG 24004 --- [           main] o.s.orm.jpa.JpaTransactionManager        : Initiating transaction commit
2022-08-17 15:36:14.236 DEBUG 24004 --- [           main] o.s.orm.jpa.JpaTransactionManager        : Committing JPA transaction on EntityManager [SessionImpl(1788971282<open>)]
2022-08-17 15:36:14.251 DEBUG 24004 --- [           main] o.s.orm.jpa.JpaTransactionManager        : Closing JPA EntityManager [SessionImpl(1788971282<open>)] after transaction
2022-08-17 15:36:14.251 DEBUG 24004 --- [           main] o.s.orm.jpa.JpaTransactionManager        : Creating new transaction with name [org.springframework.data.jpa.repository.support.SimpleJpaRepository.save]: PROPAGATION_REQUIRED,ISOLATION_DEFAULT
2022-08-17 15:36:14.251 DEBUG 24004 --- [           main] o.s.orm.jpa.JpaTransactionManager        : Opened new EntityManager [SessionImpl(443625234<open>)] for JPA transaction
2022-08-17 15:36:14.251 DEBUG 24004 --- [           main] o.s.orm.jpa.JpaTransactionManager        : Exposing JPA transaction as JDBC [org.springframework.orm.jpa.vendor.HibernateJpaDialect$HibernateConnectionHandle@62525dd3]
Hibernate: 
    insert 
    into
        user_story
        (id, description, name, story_points, status) 
    values
        (default, ?, ?, ?, ?)
2022-08-17 15:36:14.251 DEBUG 24004 --- [           main] o.s.orm.jpa.JpaTransactionManager        : Initiating transaction commit
2022-08-17 15:36:14.251 DEBUG 24004 --- [           main] o.s.orm.jpa.JpaTransactionManager        : Committing JPA transaction on EntityManager [SessionImpl(443625234<open>)]
2022-08-17 15:36:14.251 DEBUG 24004 --- [           main] o.s.orm.jpa.JpaTransactionManager        : Closing JPA EntityManager [SessionImpl(443625234<open>)] after transaction
2022-08-17 15:36:14.251 DEBUG 24004 --- [           main] o.s.orm.jpa.JpaTransactionManager        : Creating new transaction with name [org.springframework.data.jpa.repository.support.SimpleJpaRepository.save]: PROPAGATION_REQUIRED,ISOLATION_DEFAULT
2022-08-17 15:36:14.251 DEBUG 24004 --- [           main] o.s.orm.jpa.JpaTransactionManager        : Opened new EntityManager [SessionImpl(405804899<open>)] for JPA transaction
2022-08-17 15:36:14.251 DEBUG 24004 --- [           main] o.s.orm.jpa.JpaTransactionManager        : Exposing JPA transaction as JDBC [org.springframework.orm.jpa.vendor.HibernateJpaDialect$HibernateConnectionHandle@237ee2e1]
Hibernate: 
    insert 
    into
        user_story
        (id, description, name, story_points, status) 
    values
        (default, ?, ?, ?, ?)
2022-08-17 15:36:14.251 DEBUG 24004 --- [           main] o.s.orm.jpa.JpaTransactionManager        : Initiating transaction commit
2022-08-17 15:36:14.251 DEBUG 24004 --- [           main] o.s.orm.jpa.JpaTransactionManager        : Committing JPA transaction on EntityManager [SessionImpl(405804899<open>)]
2022-08-17 15:36:14.251 DEBUG 24004 --- [           main] o.s.orm.jpa.JpaTransactionManager        : Closing JPA EntityManager [SessionImpl(405804899<open>)] after transaction
2022-08-17 15:36:14.251 DEBUG 24004 --- [           main] o.s.orm.jpa.JpaTransactionManager        : Creating new transaction with name [org.springframework.data.jpa.repository.support.SimpleJpaRepository.save]: PROPAGATION_REQUIRED,ISOLATION_DEFAULT
2022-08-17 15:36:14.251 DEBUG 24004 --- [           main] o.s.orm.jpa.JpaTransactionManager        : Opened new EntityManager [SessionImpl(700586699<open>)] for JPA transaction
2022-08-17 15:36:14.251 DEBUG 24004 --- [           main] o.s.orm.jpa.JpaTransactionManager        : Exposing JPA transaction as JDBC [org.springframework.orm.jpa.vendor.HibernateJpaDialect$HibernateConnectionHandle@4113d9ab]
Hibernate: 
    insert 
    into
        user_story
        (id, description, name, story_points, status) 
    values
        (default, ?, ?, ?, ?)
2022-08-17 15:36:14.251 DEBUG 24004 --- [           main] o.s.orm.jpa.JpaTransactionManager        : Initiating transaction commit
2022-08-17 15:36:14.251 DEBUG 24004 --- [           main] o.s.orm.jpa.JpaTransactionManager        : Committing JPA transaction on EntityManager [SessionImpl(700586699<open>)]
2022-08-17 15:36:14.251 DEBUG 24004 --- [           main] o.s.orm.jpa.JpaTransactionManager        : Closing JPA EntityManager [SessionImpl(700586699<open>)] after transaction
2022-08-17 15:36:14.251 DEBUG 24004 --- [           main] o.s.orm.jpa.JpaTransactionManager        : Creating new transaction with name [org.springframework.data.jpa.repository.support.SimpleJpaRepository.save]: PROPAGATION_REQUIRED,ISOLATION_DEFAULT
2022-08-17 15:36:14.251 DEBUG 24004 --- [           main] o.s.orm.jpa.JpaTransactionManager        : Opened new EntityManager [SessionImpl(602837727<open>)] for JPA transaction
2022-08-17 15:36:14.251 DEBUG 24004 --- [           main] o.s.orm.jpa.JpaTransactionManager        : Exposing JPA transaction as JDBC [org.springframework.orm.jpa.vendor.HibernateJpaDialect$HibernateConnectionHandle@1a6a4595]
Hibernate: 
    insert 
    into
        user_story
        (id, description, name, story_points, status) 
    values
        (default, ?, ?, ?, ?)
2022-08-17 15:36:14.251 DEBUG 24004 --- [           main] o.s.orm.jpa.JpaTransactionManager        : Initiating transaction commit
2022-08-17 15:36:14.251 DEBUG 24004 --- [           main] o.s.orm.jpa.JpaTransactionManager        : Committing JPA transaction on EntityManager [SessionImpl(602837727<open>)]
2022-08-17 15:36:14.251 DEBUG 24004 --- [           main] o.s.orm.jpa.JpaTransactionManager        : Closing JPA EntityManager [SessionImpl(602837727<open>)] after transaction
2022-08-17 15:36:14.251 DEBUG 24004 --- [           main] o.s.orm.jpa.JpaTransactionManager        : Creating new transaction with name [org.springframework.data.jpa.repository.support.SimpleJpaRepository.save]: PROPAGATION_REQUIRED,ISOLATION_DEFAULT
2022-08-17 15:36:14.251 DEBUG 24004 --- [           main] o.s.orm.jpa.JpaTransactionManager        : Opened new EntityManager [SessionImpl(1447360100<open>)] for JPA transaction
2022-08-17 15:36:14.251 DEBUG 24004 --- [           main] o.s.orm.jpa.JpaTransactionManager        : Exposing JPA transaction as JDBC [org.springframework.orm.jpa.vendor.HibernateJpaDialect$HibernateConnectionHandle@445f6f73]
Hibernate: 
    insert 
    into
        user_story
        (id, description, name, story_points, status) 
    values
        (default, ?, ?, ?, ?)
2022-08-17 15:36:14.267 DEBUG 24004 --- [           main] o.s.orm.jpa.JpaTransactionManager        : Initiating transaction commit
2022-08-17 15:36:14.267 DEBUG 24004 --- [           main] o.s.orm.jpa.JpaTransactionManager        : Committing JPA transaction on EntityManager [SessionImpl(1447360100<open>)]
2022-08-17 15:36:14.267 DEBUG 24004 --- [           main] o.s.orm.jpa.JpaTransactionManager        : Closing JPA EntityManager [SessionImpl(1447360100<open>)] after transaction
2022-08-17 15:36:14.267 DEBUG 24004 --- [           main] o.s.orm.jpa.JpaTransactionManager        : Creating new transaction with name [org.springframework.data.jpa.repository.support.SimpleJpaRepository.save]: PROPAGATION_REQUIRED,ISOLATION_DEFAULT
2022-08-17 15:36:14.267 DEBUG 24004 --- [           main] o.s.orm.jpa.JpaTransactionManager        : Opened new EntityManager [SessionImpl(622735178<open>)] for JPA transaction
2022-08-17 15:36:14.267 DEBUG 24004 --- [           main] o.s.orm.jpa.JpaTransactionManager        : Exposing JPA transaction as JDBC [org.springframework.orm.jpa.vendor.HibernateJpaDialect$HibernateConnectionHandle@1abea1ed]
Hibernate: 
    insert 
    into
        user_story
        (id, description, name, story_points, status) 
    values
        (default, ?, ?, ?, ?)
2022-08-17 15:36:14.267 DEBUG 24004 --- [           main] o.s.orm.jpa.JpaTransactionManager        : Initiating transaction commit
2022-08-17 15:36:14.267 DEBUG 24004 --- [           main] o.s.orm.jpa.JpaTransactionManager        : Committing JPA transaction on EntityManager [SessionImpl(622735178<open>)]
2022-08-17 15:36:14.267 DEBUG 24004 --- [           main] o.s.orm.jpa.JpaTransactionManager        : Closing JPA EntityManager [SessionImpl(622735178<open>)] after transaction
2022-08-17 15:36:14.267 DEBUG 24004 --- [           main] o.s.orm.jpa.JpaTransactionManager        : Creating new transaction with name [org.springframework.data.jpa.repository.support.SimpleJpaRepository.save]: PROPAGATION_REQUIRED,ISOLATION_DEFAULT
2022-08-17 15:36:14.267 DEBUG 24004 --- [           main] o.s.orm.jpa.JpaTransactionManager        : Opened new EntityManager [SessionImpl(1643154089<open>)] for JPA transaction
2022-08-17 15:36:14.267 DEBUG 24004 --- [           main] o.s.orm.jpa.JpaTransactionManager        : Exposing JPA transaction as JDBC [org.springframework.orm.jpa.vendor.HibernateJpaDialect$HibernateConnectionHandle@1a1f22f2]
Hibernate: 
    insert 
    into
        user_story
        (id, description, name, story_points, status) 
    values
        (default, ?, ?, ?, ?)
2022-08-17 15:36:14.267 DEBUG 24004 --- [           main] o.s.orm.jpa.JpaTransactionManager        : Initiating transaction commit
2022-08-17 15:36:14.267 DEBUG 24004 --- [           main] o.s.orm.jpa.JpaTransactionManager        : Committing JPA transaction on EntityManager [SessionImpl(1643154089<open>)]
2022-08-17 15:36:14.267 DEBUG 24004 --- [           main] o.s.orm.jpa.JpaTransactionManager        : Closing JPA EntityManager [SessionImpl(1643154089<open>)] after transaction
2022-08-17 15:36:14.267 DEBUG 24004 --- [           main] o.s.orm.jpa.JpaTransactionManager        : Creating new transaction with name [org.springframework.data.jpa.repository.support.SimpleJpaRepository.save]: PROPAGATION_REQUIRED,ISOLATION_DEFAULT
2022-08-17 15:36:14.267 DEBUG 24004 --- [           main] o.s.orm.jpa.JpaTransactionManager        : Opened new EntityManager [SessionImpl(1213461906<open>)] for JPA transaction
2022-08-17 15:36:14.267 DEBUG 24004 --- [           main] o.s.orm.jpa.JpaTransactionManager        : Exposing JPA transaction as JDBC [org.springframework.orm.jpa.vendor.HibernateJpaDialect$HibernateConnectionHandle@52d434c1]
Hibernate: 
    insert 
    into
        user_story
        (id, description, name, story_points, status) 
    values
        (default, ?, ?, ?, ?)
2022-08-17 15:36:14.267 DEBUG 24004 --- [           main] o.s.orm.jpa.JpaTransactionManager        : Initiating transaction commit
2022-08-17 15:36:14.267 DEBUG 24004 --- [           main] o.s.orm.jpa.JpaTransactionManager        : Committing JPA transaction on EntityManager [SessionImpl(1213461906<open>)]
2022-08-17 15:36:14.267 DEBUG 24004 --- [           main] o.s.orm.jpa.JpaTransactionManager        : Closing JPA EntityManager [SessionImpl(1213461906<open>)] after transaction
2022-08-17 15:36:14.282 DEBUG 24004 --- [           main] o.s.orm.jpa.JpaTransactionManager        : Creating new transaction with name [org.springframework.data.jpa.repository.support.SimpleJpaRepository.save]: PROPAGATION_REQUIRED,ISOLATION_DEFAULT
2022-08-17 15:36:14.282 DEBUG 24004 --- [           main] o.s.orm.jpa.JpaTransactionManager        : Opened new EntityManager [SessionImpl(279838766<open>)] for JPA transaction
2022-08-17 15:36:14.282 DEBUG 24004 --- [           main] o.s.orm.jpa.JpaTransactionManager        : Exposing JPA transaction as JDBC [org.springframework.orm.jpa.vendor.HibernateJpaDialect$HibernateConnectionHandle@573f2e67]
Hibernate: 
    insert 
    into
        user_story
        (id, description, name, story_points, status) 
    values
        (default, ?, ?, ?, ?)
2022-08-17 15:36:14.282 DEBUG 24004 --- [           main] o.s.orm.jpa.JpaTransactionManager        : Initiating transaction commit
2022-08-17 15:36:14.282 DEBUG 24004 --- [           main] o.s.orm.jpa.JpaTransactionManager        : Committing JPA transaction on EntityManager [SessionImpl(279838766<open>)]
2022-08-17 15:36:14.282 DEBUG 24004 --- [           main] o.s.orm.jpa.JpaTransactionManager        : Closing JPA EntityManager [SessionImpl(279838766<open>)] after transaction
2022-08-17 15:36:14.282 DEBUG 24004 --- [           main] o.s.orm.jpa.JpaTransactionManager        : Creating new transaction with name [org.springframework.data.jpa.repository.support.SimpleJpaRepository.save]: PROPAGATION_REQUIRED,ISOLATION_DEFAULT
2022-08-17 15:36:14.282 DEBUG 24004 --- [           main] o.s.orm.jpa.JpaTransactionManager        : Opened new EntityManager [SessionImpl(158424358<open>)] for JPA transaction
2022-08-17 15:36:14.282 DEBUG 24004 --- [           main] o.s.orm.jpa.JpaTransactionManager        : Exposing JPA transaction as JDBC [org.springframework.orm.jpa.vendor.HibernateJpaDialect$HibernateConnectionHandle@6d8096ee]
Hibernate: 
    insert 
    into
        user_story
        (id, description, name, story_points, status) 
    values
        (default, ?, ?, ?, ?)
2022-08-17 15:36:14.282 DEBUG 24004 --- [           main] o.s.orm.jpa.JpaTransactionManager        : Initiating transaction commit
2022-08-17 15:36:14.282 DEBUG 24004 --- [           main] o.s.orm.jpa.JpaTransactionManager        : Committing JPA transaction on EntityManager [SessionImpl(158424358<open>)]
2022-08-17 15:36:14.282 DEBUG 24004 --- [           main] o.s.orm.jpa.JpaTransactionManager        : Closing JPA EntityManager [SessionImpl(158424358<open>)] after transaction
2022-08-17 15:36:14.282 DEBUG 24004 --- [           main] o.s.orm.jpa.JpaTransactionManager        : Creating new transaction with name [org.springframework.data.jpa.repository.support.SimpleJpaRepository.save]: PROPAGATION_REQUIRED,ISOLATION_DEFAULT
2022-08-17 15:36:14.282 DEBUG 24004 --- [           main] o.s.orm.jpa.JpaTransactionManager        : Opened new EntityManager [SessionImpl(1434809854<open>)] for JPA transaction
2022-08-17 15:36:14.282 DEBUG 24004 --- [           main] o.s.orm.jpa.JpaTransactionManager        : Exposing JPA transaction as JDBC [org.springframework.orm.jpa.vendor.HibernateJpaDialect$HibernateConnectionHandle@25fcdcc6]
Hibernate: 
    insert 
    into
        user_story
        (id, description, name, story_points, status) 
    values
        (default, ?, ?, ?, ?)
2022-08-17 15:36:14.282 DEBUG 24004 --- [           main] o.s.orm.jpa.JpaTransactionManager        : Initiating transaction commit
2022-08-17 15:36:14.282 DEBUG 24004 --- [           main] o.s.orm.jpa.JpaTransactionManager        : Committing JPA transaction on EntityManager [SessionImpl(1434809854<open>)]
2022-08-17 15:36:14.282 DEBUG 24004 --- [           main] o.s.orm.jpa.JpaTransactionManager        : Closing JPA EntityManager [SessionImpl(1434809854<open>)] after transaction
2022-08-17 15:36:14.282 DEBUG 24004 --- [           main] o.s.orm.jpa.JpaTransactionManager        : Creating new transaction with name [org.springframework.data.jpa.repository.support.SimpleJpaRepository.save]: PROPAGATION_REQUIRED,ISOLATION_DEFAULT
2022-08-17 15:36:14.282 DEBUG 24004 --- [           main] o.s.orm.jpa.JpaTransactionManager        : Opened new EntityManager [SessionImpl(1143171370<open>)] for JPA transaction
2022-08-17 15:36:14.282 DEBUG 24004 --- [           main] o.s.orm.jpa.JpaTransactionManager        : Exposing JPA transaction as JDBC [org.springframework.orm.jpa.vendor.HibernateJpaDialect$HibernateConnectionHandle@2175d53f]
Hibernate: 
    insert 
    into
        user_story
        (id, description, name, story_points, status) 
    values
        (default, ?, ?, ?, ?)
2022-08-17 15:36:14.282 DEBUG 24004 --- [           main] o.s.orm.jpa.JpaTransactionManager        : Initiating transaction commit
2022-08-17 15:36:14.282 DEBUG 24004 --- [           main] o.s.orm.jpa.JpaTransactionManager        : Committing JPA transaction on EntityManager [SessionImpl(1143171370<open>)]
2022-08-17 15:36:14.282 DEBUG 24004 --- [           main] o.s.orm.jpa.JpaTransactionManager        : Closing JPA EntityManager [SessionImpl(1143171370<open>)] after transaction
2022-08-17 15:36:14.282 DEBUG 24004 --- [           main] o.s.orm.jpa.JpaTransactionManager        : Creating new transaction with name [org.springframework.data.jpa.repository.support.SimpleJpaRepository.save]: PROPAGATION_REQUIRED,ISOLATION_DEFAULT
2022-08-17 15:36:14.282 DEBUG 24004 --- [           main] o.s.orm.jpa.JpaTransactionManager        : Opened new EntityManager [SessionImpl(715029325<open>)] for JPA transaction
2022-08-17 15:36:14.282 DEBUG 24004 --- [           main] o.s.orm.jpa.JpaTransactionManager        : Exposing JPA transaction as JDBC [org.springframework.orm.jpa.vendor.HibernateJpaDialect$HibernateConnectionHandle@72406594]
Hibernate: 
    insert 
    into
        user_story
        (id, description, name, story_points, status) 
    values
        (default, ?, ?, ?, ?)
2022-08-17 15:36:14.298 DEBUG 24004 --- [           main] o.s.orm.jpa.JpaTransactionManager        : Initiating transaction commit
2022-08-17 15:36:14.298 DEBUG 24004 --- [           main] o.s.orm.jpa.JpaTransactionManager        : Committing JPA transaction on EntityManager [SessionImpl(715029325<open>)]
2022-08-17 15:36:14.298 DEBUG 24004 --- [           main] o.s.orm.jpa.JpaTransactionManager        : Closing JPA EntityManager [SessionImpl(715029325<open>)] after transaction
2022-08-17 15:36:14.298 DEBUG 24004 --- [           main] o.s.orm.jpa.JpaTransactionManager        : Creating new transaction with name [org.springframework.data.jpa.repository.support.SimpleJpaRepository.save]: PROPAGATION_REQUIRED,ISOLATION_DEFAULT
2022-08-17 15:36:14.298 DEBUG 24004 --- [           main] o.s.orm.jpa.JpaTransactionManager        : Opened new EntityManager [SessionImpl(803404994<open>)] for JPA transaction
2022-08-17 15:36:14.298 DEBUG 24004 --- [           main] o.s.orm.jpa.JpaTransactionManager        : Exposing JPA transaction as JDBC [org.springframework.orm.jpa.vendor.HibernateJpaDialect$HibernateConnectionHandle@69926b6e]
Hibernate: 
    insert 
    into
        user_story
        (id, description, name, story_points, status) 
    values
        (default, ?, ?, ?, ?)
2022-08-17 15:36:14.298 DEBUG 24004 --- [           main] o.s.orm.jpa.JpaTransactionManager        : Initiating transaction commit
2022-08-17 15:36:14.298 DEBUG 24004 --- [           main] o.s.orm.jpa.JpaTransactionManager        : Committing JPA transaction on EntityManager [SessionImpl(803404994<open>)]
2022-08-17 15:36:14.298 DEBUG 24004 --- [           main] o.s.orm.jpa.JpaTransactionManager        : Closing JPA EntityManager [SessionImpl(803404994<open>)] after transaction
2022-08-17 15:36:14.298 DEBUG 24004 --- [           main] o.s.orm.jpa.JpaTransactionManager        : Creating new transaction with name [org.springframework.data.jpa.repository.support.SimpleJpaRepository.save]: PROPAGATION_REQUIRED,ISOLATION_DEFAULT
2022-08-17 15:36:14.298 DEBUG 24004 --- [           main] o.s.orm.jpa.JpaTransactionManager        : Opened new EntityManager [SessionImpl(403583920<open>)] for JPA transaction
2022-08-17 15:36:14.298 DEBUG 24004 --- [           main] o.s.orm.jpa.JpaTransactionManager        : Exposing JPA transaction as JDBC [org.springframework.orm.jpa.vendor.HibernateJpaDialect$HibernateConnectionHandle@270be080]
Hibernate: 
    insert 
    into
        user_story
        (id, description, name, story_points, status) 
    values
        (default, ?, ?, ?, ?)
2022-08-17 15:36:14.298 DEBUG 24004 --- [           main] o.s.orm.jpa.JpaTransactionManager        : Initiating transaction commit
2022-08-17 15:36:14.298 DEBUG 24004 --- [           main] o.s.orm.jpa.JpaTransactionManager        : Committing JPA transaction on EntityManager [SessionImpl(403583920<open>)]
2022-08-17 15:36:14.298 DEBUG 24004 --- [           main] o.s.orm.jpa.JpaTransactionManager        : Closing JPA EntityManager [SessionImpl(403583920<open>)] after transaction
2022-08-17 15:36:14.298 DEBUG 24004 --- [           main] o.s.orm.jpa.JpaTransactionManager        : Creating new transaction with name [org.springframework.data.jpa.repository.support.SimpleJpaRepository.save]: PROPAGATION_REQUIRED,ISOLATION_DEFAULT
2022-08-17 15:36:14.298 DEBUG 24004 --- [           main] o.s.orm.jpa.JpaTransactionManager        : Opened new EntityManager [SessionImpl(1778289781<open>)] for JPA transaction
2022-08-17 15:36:14.298 DEBUG 24004 --- [           main] o.s.orm.jpa.JpaTransactionManager        : Exposing JPA transaction as JDBC [org.springframework.orm.jpa.vendor.HibernateJpaDialect$HibernateConnectionHandle@633cad4d]
Hibernate: 
    insert 
    into
        user_story
        (id, description, name, story_points, status) 
    values
        (default, ?, ?, ?, ?)
2022-08-17 15:36:14.298 DEBUG 24004 --- [           main] o.s.orm.jpa.JpaTransactionManager        : Initiating transaction commit
2022-08-17 15:36:14.298 DEBUG 24004 --- [           main] o.s.orm.jpa.JpaTransactionManager        : Committing JPA transaction on EntityManager [SessionImpl(1778289781<open>)]
2022-08-17 15:36:14.298 DEBUG 24004 --- [           main] o.s.orm.jpa.JpaTransactionManager        : Closing JPA EntityManager [SessionImpl(1778289781<open>)] after transaction
2022-08-17 15:36:14.298 DEBUG 24004 --- [           main] o.s.orm.jpa.JpaTransactionManager        : Creating new transaction with name [org.springframework.data.jpa.repository.support.SimpleJpaRepository.save]: PROPAGATION_REQUIRED,ISOLATION_DEFAULT
2022-08-17 15:36:14.298 DEBUG 24004 --- [           main] o.s.orm.jpa.JpaTransactionManager        : Opened new EntityManager [SessionImpl(1079430578<open>)] for JPA transaction
2022-08-17 15:36:14.298 DEBUG 24004 --- [           main] o.s.orm.jpa.JpaTransactionManager        : Exposing JPA transaction as JDBC [org.springframework.orm.jpa.vendor.HibernateJpaDialect$HibernateConnectionHandle@20462820]
Hibernate: 
    insert 
    into
        user_story
        (id, description, name, story_points, status) 
    values
        (default, ?, ?, ?, ?)
2022-08-17 15:36:14.314 DEBUG 24004 --- [           main] o.s.orm.jpa.JpaTransactionManager        : Initiating transaction commit
2022-08-17 15:36:14.314 DEBUG 24004 --- [           main] o.s.orm.jpa.JpaTransactionManager        : Committing JPA transaction on EntityManager [SessionImpl(1079430578<open>)]
2022-08-17 15:36:14.314 DEBUG 24004 --- [           main] o.s.orm.jpa.JpaTransactionManager        : Closing JPA EntityManager [SessionImpl(1079430578<open>)] after transaction
2022-08-17 15:36:14.314 DEBUG 24004 --- [           main] o.s.orm.jpa.JpaTransactionManager        : Creating new transaction with name [org.springframework.data.jpa.repository.support.SimpleJpaRepository.save]: PROPAGATION_REQUIRED,ISOLATION_DEFAULT
2022-08-17 15:36:14.314 DEBUG 24004 --- [           main] o.s.orm.jpa.JpaTransactionManager        : Opened new EntityManager [SessionImpl(1595169036<open>)] for JPA transaction
2022-08-17 15:36:14.314 DEBUG 24004 --- [           main] o.s.orm.jpa.JpaTransactionManager        : Exposing JPA transaction as JDBC [org.springframework.orm.jpa.vendor.HibernateJpaDialect$HibernateConnectionHandle@46051269]
Hibernate: 
    insert 
    into
        user_story
        (id, description, name, story_points, status) 
    values
        (default, ?, ?, ?, ?)
2022-08-17 15:36:14.314 DEBUG 24004 --- [           main] o.s.orm.jpa.JpaTransactionManager        : Initiating transaction commit
2022-08-17 15:36:14.314 DEBUG 24004 --- [           main] o.s.orm.jpa.JpaTransactionManager        : Committing JPA transaction on EntityManager [SessionImpl(1595169036<open>)]
2022-08-17 15:36:14.314 DEBUG 24004 --- [           main] o.s.orm.jpa.JpaTransactionManager        : Closing JPA EntityManager [SessionImpl(1595169036<open>)] after transaction
2022-08-17 15:36:14.314 DEBUG 24004 --- [           main] o.s.orm.jpa.JpaTransactionManager        : Creating new transaction with name [org.springframework.data.jpa.repository.support.SimpleJpaRepository.save]: PROPAGATION_REQUIRED,ISOLATION_DEFAULT
2022-08-17 15:36:14.314 DEBUG 24004 --- [           main] o.s.orm.jpa.JpaTransactionManager        : Opened new EntityManager [SessionImpl(1208205171<open>)] for JPA transaction
2022-08-17 15:36:14.314 DEBUG 24004 --- [           main] o.s.orm.jpa.JpaTransactionManager        : Exposing JPA transaction as JDBC [org.springframework.orm.jpa.vendor.HibernateJpaDialect$HibernateConnectionHandle@13731ff4]
Hibernate: 
    insert 
    into
        user_story
        (id, description, name, story_points, status) 
    values
        (default, ?, ?, ?, ?)
2022-08-17 15:36:14.329 DEBUG 24004 --- [           main] o.s.orm.jpa.JpaTransactionManager        : Initiating transaction commit
2022-08-17 15:36:14.329 DEBUG 24004 --- [           main] o.s.orm.jpa.JpaTransactionManager        : Committing JPA transaction on EntityManager [SessionImpl(1208205171<open>)]
2022-08-17 15:36:14.329 DEBUG 24004 --- [           main] o.s.orm.jpa.JpaTransactionManager        : Closing JPA EntityManager [SessionImpl(1208205171<open>)] after transaction
2022-08-17 15:36:14.329 DEBUG 24004 --- [           main] o.s.orm.jpa.JpaTransactionManager        : Creating new transaction with name [org.springframework.data.jpa.repository.support.SimpleJpaRepository.save]: PROPAGATION_REQUIRED,ISOLATION_DEFAULT
2022-08-17 15:36:14.329 DEBUG 24004 --- [           main] o.s.orm.jpa.JpaTransactionManager        : Opened new EntityManager [SessionImpl(1485003706<open>)] for JPA transaction
2022-08-17 15:36:14.329 DEBUG 24004 --- [           main] o.s.orm.jpa.JpaTransactionManager        : Exposing JPA transaction as JDBC [org.springframework.orm.jpa.vendor.HibernateJpaDialect$HibernateConnectionHandle@222eda8a]
Hibernate: 
    insert 
    into
        user_story
        (id, description, name, story_points, status) 
    values
        (default, ?, ?, ?, ?)
2022-08-17 15:36:14.329 DEBUG 24004 --- [           main] o.s.orm.jpa.JpaTransactionManager        : Initiating transaction commit
2022-08-17 15:36:14.329 DEBUG 24004 --- [           main] o.s.orm.jpa.JpaTransactionManager        : Committing JPA transaction on EntityManager [SessionImpl(1485003706<open>)]
2022-08-17 15:36:14.329 DEBUG 24004 --- [           main] o.s.orm.jpa.JpaTransactionManager        : Closing JPA EntityManager [SessionImpl(1485003706<open>)] after transaction
2022-08-17 15:36:14.329 DEBUG 24004 --- [           main] o.s.orm.jpa.JpaTransactionManager        : Creating new transaction with name [org.springframework.data.jpa.repository.support.SimpleJpaRepository.save]: PROPAGATION_REQUIRED,ISOLATION_DEFAULT
2022-08-17 15:36:14.345 DEBUG 24004 --- [           main] o.s.orm.jpa.JpaTransactionManager        : Opened new EntityManager [SessionImpl(443806673<open>)] for JPA transaction
2022-08-17 15:36:14.345 DEBUG 24004 --- [           main] o.s.orm.jpa.JpaTransactionManager        : Exposing JPA transaction as JDBC [org.springframework.orm.jpa.vendor.HibernateJpaDialect$HibernateConnectionHandle@257d3968]
Hibernate: 
    insert 
    into
        user_story
        (id, description, name, story_points, status) 
    values
        (default, ?, ?, ?, ?)
2022-08-17 15:36:14.345 DEBUG 24004 --- [           main] o.s.orm.jpa.JpaTransactionManager        : Initiating transaction commit
2022-08-17 15:36:14.345 DEBUG 24004 --- [           main] o.s.orm.jpa.JpaTransactionManager        : Committing JPA transaction on EntityManager [SessionImpl(443806673<open>)]
2022-08-17 15:36:14.361 DEBUG 24004 --- [           main] o.s.orm.jpa.JpaTransactionManager        : Closing JPA EntityManager [SessionImpl(443806673<open>)] after transaction
2022-08-17 15:36:14.361 DEBUG 24004 --- [           main] o.s.orm.jpa.JpaTransactionManager        : Creating new transaction with name [org.springframework.data.jpa.repository.support.SimpleJpaRepository.save]: PROPAGATION_REQUIRED,ISOLATION_DEFAULT
2022-08-17 15:36:14.361 DEBUG 24004 --- [           main] o.s.orm.jpa.JpaTransactionManager        : Opened new EntityManager [SessionImpl(1223873821<open>)] for JPA transaction
2022-08-17 15:36:14.361 DEBUG 24004 --- [           main] o.s.orm.jpa.JpaTransactionManager        : Exposing JPA transaction as JDBC [org.springframework.orm.jpa.vendor.HibernateJpaDialect$HibernateConnectionHandle@151d216e]
Hibernate: 
    insert 
    into
        user_story
        (id, description, name, story_points, status) 
    values
        (default, ?, ?, ?, ?)
2022-08-17 15:36:14.361 DEBUG 24004 --- [           main] o.s.orm.jpa.JpaTransactionManager        : Initiating transaction commit
2022-08-17 15:36:14.361 DEBUG 24004 --- [           main] o.s.orm.jpa.JpaTransactionManager        : Committing JPA transaction on EntityManager [SessionImpl(1223873821<open>)]
2022-08-17 15:36:14.376 DEBUG 24004 --- [           main] o.s.orm.jpa.JpaTransactionManager        : Closing JPA EntityManager [SessionImpl(1223873821<open>)] after transaction
2022-08-17 15:36:14.376 DEBUG 24004 --- [           main] o.s.orm.jpa.JpaTransactionManager        : Creating new transaction with name [org.springframework.data.jpa.repository.support.SimpleJpaRepository.save]: PROPAGATION_REQUIRED,ISOLATION_DEFAULT
2022-08-17 15:36:14.376 DEBUG 24004 --- [           main] o.s.orm.jpa.JpaTransactionManager        : Opened new EntityManager [SessionImpl(1995366577<open>)] for JPA transaction
2022-08-17 15:36:14.376 DEBUG 24004 --- [           main] o.s.orm.jpa.JpaTransactionManager        : Exposing JPA transaction as JDBC [org.springframework.orm.jpa.vendor.HibernateJpaDialect$HibernateConnectionHandle@2119b989]
Hibernate: 
    insert 
    into
        user_story
        (id, description, name, story_points, status) 
    values
        (default, ?, ?, ?, ?)
2022-08-17 15:36:14.376 DEBUG 24004 --- [           main] o.s.orm.jpa.JpaTransactionManager        : Initiating transaction commit
2022-08-17 15:36:14.376 DEBUG 24004 --- [           main] o.s.orm.jpa.JpaTransactionManager        : Committing JPA transaction on EntityManager [SessionImpl(1995366577<open>)]
2022-08-17 15:36:14.376 DEBUG 24004 --- [           main] o.s.orm.jpa.JpaTransactionManager        : Closing JPA EntityManager [SessionImpl(1995366577<open>)] after transaction
2022-08-17 15:36:14.376 DEBUG 24004 --- [           main] o.s.orm.jpa.JpaTransactionManager        : Creating new transaction with name [org.springframework.data.jpa.repository.support.SimpleJpaRepository.save]: PROPAGATION_REQUIRED,ISOLATION_DEFAULT
2022-08-17 15:36:14.392 DEBUG 24004 --- [           main] o.s.orm.jpa.JpaTransactionManager        : Opened new EntityManager [SessionImpl(836665497<open>)] for JPA transaction
2022-08-17 15:36:14.392 DEBUG 24004 --- [           main] o.s.orm.jpa.JpaTransactionManager        : Exposing JPA transaction as JDBC [org.springframework.orm.jpa.vendor.HibernateJpaDialect$HibernateConnectionHandle@40d04cf8]
Hibernate: 
    insert 
    into
        user_story
        (id, description, name, story_points, status) 
    values
        (default, ?, ?, ?, ?)
2022-08-17 15:36:14.392 DEBUG 24004 --- [           main] o.s.orm.jpa.JpaTransactionManager        : Initiating transaction commit
2022-08-17 15:36:14.392 DEBUG 24004 --- [           main] o.s.orm.jpa.JpaTransactionManager        : Committing JPA transaction on EntityManager [SessionImpl(836665497<open>)]
2022-08-17 15:36:14.392 DEBUG 24004 --- [           main] o.s.orm.jpa.JpaTransactionManager        : Closing JPA EntityManager [SessionImpl(836665497<open>)] after transaction
2022-08-17 15:36:14.392 DEBUG 24004 --- [           main] o.s.orm.jpa.JpaTransactionManager        : Creating new transaction with name [org.springframework.data.jpa.repository.support.SimpleJpaRepository.save]: PROPAGATION_REQUIRED,ISOLATION_DEFAULT
2022-08-17 15:36:14.392 DEBUG 24004 --- [           main] o.s.orm.jpa.JpaTransactionManager        : Opened new EntityManager [SessionImpl(306678606<open>)] for JPA transaction
2022-08-17 15:36:14.392 DEBUG 24004 --- [           main] o.s.orm.jpa.JpaTransactionManager        : Exposing JPA transaction as JDBC [org.springframework.orm.jpa.vendor.HibernateJpaDialect$HibernateConnectionHandle@64921450]
Hibernate: 
    insert 
    into
        user_story
        (id, description, name, story_points, status) 
    values
        (default, ?, ?, ?, ?)
2022-08-17 15:36:14.392 DEBUG 24004 --- [           main] o.s.orm.jpa.JpaTransactionManager        : Initiating transaction commit
2022-08-17 15:36:14.392 DEBUG 24004 --- [           main] o.s.orm.jpa.JpaTransactionManager        : Committing JPA transaction on EntityManager [SessionImpl(306678606<open>)]
2022-08-17 15:36:14.392 DEBUG 24004 --- [           main] o.s.orm.jpa.JpaTransactionManager        : Closing JPA EntityManager [SessionImpl(306678606<open>)] after transaction
2022-08-17 15:36:14.392 DEBUG 24004 --- [           main] o.s.orm.jpa.JpaTransactionManager        : Creating new transaction with name [org.springframework.data.jpa.repository.support.SimpleJpaRepository.save]: PROPAGATION_REQUIRED,ISOLATION_DEFAULT
2022-08-17 15:36:14.392 DEBUG 24004 --- [           main] o.s.orm.jpa.JpaTransactionManager        : Opened new EntityManager [SessionImpl(130052131<open>)] for JPA transaction
2022-08-17 15:36:14.392 DEBUG 24004 --- [           main] o.s.orm.jpa.JpaTransactionManager        : Exposing JPA transaction as JDBC [org.springframework.orm.jpa.vendor.HibernateJpaDialect$HibernateConnectionHandle@13ae87a6]
Hibernate: 
    insert 
    into
        user_story
        (id, description, name, story_points, status) 
    values
        (default, ?, ?, ?, ?)
[...]
2022-08-17 15:36:14.689  INFO 24004 --- [           main] j.LocalContainerEntityManagerFactoryBean : Closing JPA EntityManagerFactory for persistence unit 'default'
2022-08-17 15:36:14.689  INFO 24004 --- [           main] com.zaxxer.hikari.HikariDataSource       : HikariPool-1 - Shutdown initiated...
2022-08-17 15:36:14.720  INFO 24004 --- [           main] com.zaxxer.hikari.HikariDataSource       : HikariPool-1 - Shutdown completed.
2022-08-17 15:36:14.736  INFO 24004 --- [           main] ConditionEvaluationReportLoggingListener : 

Error starting ApplicationContext. To display the conditions report re-run your application with 'debug' enabled.
2022-08-17 15:36:14.829 ERROR 24004 --- [           main] o.s.b.d.LoggingFailureAnalysisReporter   : 

***************************
APPLICATION FAILED TO START
***************************

Description:

Parameter 0 of constructor in com.example.springlbd.services.NbpApiService required a bean of type 'org.springframework.web.client.RestTemplate' that could not be found.


Action:

Consider defining a bean of type 'org.springframework.web.client.RestTemplate' in your configuration.

2022-08-17 15:36:14.845 ERROR 24004 --- [           main] o.s.test.context.TestContextManager      : Caught exception while allowing TestExecutionListener [org.springframework.test.context.web.ServletTestExecutionListener@3f07b12c] to prepare test instance [com.example.springlbd.SpringLbdApplicationTests@4b4bc73d]

java.lang.IllegalStateException: Failed to load ApplicationContext
	at org.springframework.test.context.cache.DefaultCacheAwareContextLoaderDelegate.loadContext(DefaultCacheAwareContextLoaderDelegate.java:132) ~[spring-test-5.3.21.jar:5.3.21]
	at org.springframework.test.context.support.DefaultTestContext.getApplicationContext(DefaultTestContext.java:124) ~[spring-test-5.3.21.jar:5.3.21]
	at org.springframework.test.context.web.ServletTestExecutionListener.setUpRequestContextIfNecessary(ServletTestExecutionListener.java:190) ~[spring-test-5.3.21.jar:5.3.21]
	at org.springframework.test.context.web.ServletTestExecutionListener.prepareTestInstance(ServletTestExecutionListener.java:132) ~[spring-test-5.3.21.jar:5.3.21]
	at org.springframework.test.context.TestContextManager.prepareTestInstance(TestContextManager.java:248) ~[spring-test-5.3.21.jar:5.3.21]
	at org.springframework.test.context.junit.jupiter.SpringExtension.postProcessTestInstance(SpringExtension.java:138) ~[spring-test-5.3.21.jar:5.3.21]
	at org.junit.jupiter.engine.descriptor.ClassBasedTestDescriptor.lambda$invokeTestInstancePostProcessors$8(ClassBasedTestDescriptor.java:363) ~[junit-jupiter-engine-5.8.2.jar:5.8.2]
	at org.junit.jupiter.engine.descriptor.ClassBasedTestDescriptor.executeAndMaskThrowable(ClassBasedTestDescriptor.java:368) ~[junit-jupiter-engine-5.8.2.jar:5.8.2]
	at org.junit.jupiter.engine.descriptor.ClassBasedTestDescriptor.lambda$invokeTestInstancePostProcessors$9(ClassBasedTestDescriptor.java:363) ~[junit-jupiter-engine-5.8.2.jar:5.8.2]
	at java.base/java.util.stream.ReferencePipeline$3$1.accept(ReferencePipeline.java:195) ~[na:na]
	at java.base/java.util.stream.ReferencePipeline$2$1.accept(ReferencePipeline.java:177) ~[na:na]
	at java.base/java.util.ArrayList$ArrayListSpliterator.forEachRemaining(ArrayList.java:1655) ~[na:na]
	at java.base/java.util.stream.AbstractPipeline.copyInto(AbstractPipeline.java:484) ~[na:na]
	at java.base/java.util.stream.AbstractPipeline.wrapAndCopyInto(AbstractPipeline.java:474) ~[na:na]
	at java.base/java.util.stream.StreamSpliterators$WrappingSpliterator.forEachRemaining(StreamSpliterators.java:312) ~[na:na]
	at java.base/java.util.stream.Streams$ConcatSpliterator.forEachRemaining(Streams.java:735) ~[na:na]
	at java.base/java.util.stream.Streams$ConcatSpliterator.forEachRemaining(Streams.java:734) ~[na:na]
	at java.base/java.util.stream.ReferencePipeline$Head.forEach(ReferencePipeline.java:658) ~[na:na]
	at org.junit.jupiter.engine.descriptor.ClassBasedTestDescriptor.invokeTestInstancePostProcessors(ClassBasedTestDescriptor.java:362) ~[junit-jupiter-engine-5.8.2.jar:5.8.2]
	at org.junit.jupiter.engine.descriptor.ClassBasedTestDescriptor.lambda$instantiateAndPostProcessTestInstance$6(ClassBasedTestDescriptor.java:283) ~[junit-jupiter-engine-5.8.2.jar:5.8.2]
	at org.junit.platform.engine.support.hierarchical.ThrowableCollector.execute(ThrowableCollector.java:73) ~[junit-platform-engine-1.8.2.jar:1.8.2]
	at org.junit.jupiter.engine.descriptor.ClassBasedTestDescriptor.instantiateAndPostProcessTestInstance(ClassBasedTestDescriptor.java:282) ~[junit-jupiter-engine-5.8.2.jar:5.8.2]
	at org.junit.jupiter.engine.descriptor.ClassBasedTestDescriptor.lambda$testInstancesProvider$4(ClassBasedTestDescriptor.java:272) ~[junit-jupiter-engine-5.8.2.jar:5.8.2]
	at java.base/java.util.Optional.orElseGet(Optional.java:369) ~[na:na]
	at org.junit.jupiter.engine.descriptor.ClassBasedTestDescriptor.lambda$testInstancesProvider$5(ClassBasedTestDescriptor.java:271) ~[junit-jupiter-engine-5.8.2.jar:5.8.2]
	at org.junit.jupiter.engine.execution.TestInstancesProvider.getTestInstances(TestInstancesProvider.java:31) ~[junit-jupiter-engine-5.8.2.jar:5.8.2]
	at org.junit.jupiter.engine.descriptor.TestMethodTestDescriptor.lambda$prepare$0(TestMethodTestDescriptor.java:102) ~[junit-jupiter-engine-5.8.2.jar:5.8.2]
	at org.junit.platform.engine.support.hierarchical.ThrowableCollector.execute(ThrowableCollector.java:73) ~[junit-platform-engine-1.8.2.jar:1.8.2]
	at org.junit.jupiter.engine.descriptor.TestMethodTestDescriptor.prepare(TestMethodTestDescriptor.java:101) ~[junit-jupiter-engine-5.8.2.jar:5.8.2]
	at org.junit.jupiter.engine.descriptor.TestMethodTestDescriptor.prepare(TestMethodTestDescriptor.java:66) ~[junit-jupiter-engine-5.8.2.jar:5.8.2]
	at org.junit.platform.engine.support.hierarchical.NodeTestTask.lambda$prepare$2(NodeTestTask.java:123) ~[junit-platform-engine-1.8.2.jar:1.8.2]
	at org.junit.platform.engine.support.hierarchical.ThrowableCollector.execute(ThrowableCollector.java:73) ~[junit-platform-engine-1.8.2.jar:1.8.2]
	at org.junit.platform.engine.support.hierarchical.NodeTestTask.prepare(NodeTestTask.java:123) ~[junit-platform-engine-1.8.2.jar:1.8.2]
	at org.junit.platform.engine.support.hierarchical.NodeTestTask.execute(NodeTestTask.java:90) ~[junit-platform-engine-1.8.2.jar:1.8.2]
	at java.base/java.util.ArrayList.forEach(ArrayList.java:1541) ~[na:na]
	at org.junit.platform.engine.support.hierarchical.SameThreadHierarchicalTestExecutorService.invokeAll(SameThreadHierarchicalTestExecutorService.java:41) ~[junit-platform-engine-1.8.2.jar:1.8.2]
	at org.junit.platform.engine.support.hierarchical.NodeTestTask.lambda$executeRecursively$6(NodeTestTask.java:155) ~[junit-platform-engine-1.8.2.jar:1.8.2]
	at org.junit.platform.engine.support.hierarchical.ThrowableCollector.execute(ThrowableCollector.java:73) ~[junit-platform-engine-1.8.2.jar:1.8.2]
	at org.junit.platform.engine.support.hierarchical.NodeTestTask.lambda$executeRecursively$8(NodeTestTask.java:141) ~[junit-platform-engine-1.8.2.jar:1.8.2]
	at org.junit.platform.engine.support.hierarchical.Node.around(Node.java:137) ~[junit-platform-engine-1.8.2.jar:1.8.2]
	at org.junit.platform.engine.support.hierarchical.NodeTestTask.lambda$executeRecursively$9(NodeTestTask.java:139) ~[junit-platform-engine-1.8.2.jar:1.8.2]
	at org.junit.platform.engine.support.hierarchical.ThrowableCollector.execute(ThrowableCollector.java:73) ~[junit-platform-engine-1.8.2.jar:1.8.2]
	at org.junit.platform.engine.support.hierarchical.NodeTestTask.executeRecursively(NodeTestTask.java:138) ~[junit-platform-engine-1.8.2.jar:1.8.2]
	at org.junit.platform.engine.support.hierarchical.NodeTestTask.execute(NodeTestTask.java:95) ~[junit-platform-engine-1.8.2.jar:1.8.2]
	at java.base/java.util.ArrayList.forEach(ArrayList.java:1541) ~[na:na]
	at org.junit.platform.engine.support.hierarchical.SameThreadHierarchicalTestExecutorService.invokeAll(SameThreadHierarchicalTestExecutorService.java:41) ~[junit-platform-engine-1.8.2.jar:1.8.2]
	at org.junit.platform.engine.support.hierarchical.NodeTestTask.lambda$executeRecursively$6(NodeTestTask.java:155) ~[junit-platform-engine-1.8.2.jar:1.8.2]
	at org.junit.platform.engine.support.hierarchical.ThrowableCollector.execute(ThrowableCollector.java:73) ~[junit-platform-engine-1.8.2.jar:1.8.2]
	at org.junit.platform.engine.support.hierarchical.NodeTestTask.lambda$executeRecursively$8(NodeTestTask.java:141) ~[junit-platform-engine-1.8.2.jar:1.8.2]
	at org.junit.platform.engine.support.hierarchical.Node.around(Node.java:137) ~[junit-platform-engine-1.8.2.jar:1.8.2]
	at org.junit.platform.engine.support.hierarchical.NodeTestTask.lambda$executeRecursively$9(NodeTestTask.java:139) ~[junit-platform-engine-1.8.2.jar:1.8.2]
	at org.junit.platform.engine.support.hierarchical.ThrowableCollector.execute(ThrowableCollector.java:73) ~[junit-platform-engine-1.8.2.jar:1.8.2]
	at org.junit.platform.engine.support.hierarchical.NodeTestTask.executeRecursively(NodeTestTask.java:138) ~[junit-platform-engine-1.8.2.jar:1.8.2]
	at org.junit.platform.engine.support.hierarchical.NodeTestTask.execute(NodeTestTask.java:95) ~[junit-platform-engine-1.8.2.jar:1.8.2]
	at org.junit.platform.engine.support.hierarchical.SameThreadHierarchicalTestExecutorService.submit(SameThreadHierarchicalTestExecutorService.java:35) ~[junit-platform-engine-1.8.2.jar:1.8.2]
	at org.junit.platform.engine.support.hierarchical.HierarchicalTestExecutor.execute(HierarchicalTestExecutor.java:57) ~[junit-platform-engine-1.8.2.jar:1.8.2]
	at org.junit.platform.engine.support.hierarchical.HierarchicalTestEngine.execute(HierarchicalTestEngine.java:54) ~[junit-platform-engine-1.8.2.jar:1.8.2]
	at org.junit.platform.launcher.core.DefaultLauncher.execute(DefaultLauncher.java:220) ~[junit-platform-launcher-1.3.1.jar:1.3.1]
	at org.junit.platform.launcher.core.DefaultLauncher.lambda$execute$6(DefaultLauncher.java:188) ~[junit-platform-launcher-1.3.1.jar:1.3.1]
	at org.junit.platform.launcher.core.DefaultLauncher.withInterceptedStreams(DefaultLauncher.java:202) ~[junit-platform-launcher-1.3.1.jar:1.3.1]
	at org.junit.platform.launcher.core.DefaultLauncher.execute(DefaultLauncher.java:181) ~[junit-platform-launcher-1.3.1.jar:1.3.1]
	at org.junit.platform.launcher.core.DefaultLauncher.execute(DefaultLauncher.java:128) ~[junit-platform-launcher-1.3.1.jar:1.3.1]
	at org.apache.maven.surefire.junitplatform.JUnitPlatformProvider.invokeAllTests(JUnitPlatformProvider.java:150) ~[surefire-junit-platform-2.22.2.jar:2.22.2]
	at org.apache.maven.surefire.junitplatform.JUnitPlatformProvider.invoke(JUnitPlatformProvider.java:124) ~[surefire-junit-platform-2.22.2.jar:2.22.2]
	at org.apache.maven.surefire.booter.ForkedBooter.invokeProviderInSameClassLoader(ForkedBooter.java:384) ~[surefire-booter-2.22.2.jar:2.22.2]
	at org.apache.maven.surefire.booter.ForkedBooter.runSuitesInProcess(ForkedBooter.java:345) ~[surefire-booter-2.22.2.jar:2.22.2]
	at org.apache.maven.surefire.booter.ForkedBooter.execute(ForkedBooter.java:126) ~[surefire-booter-2.22.2.jar:2.22.2]
	at org.apache.maven.surefire.booter.ForkedBooter.main(ForkedBooter.java:418) ~[surefire-booter-2.22.2.jar:2.22.2]
Caused by: org.springframework.beans.factory.UnsatisfiedDependencyException: Error creating bean with name 'nbpApiController' defined in file [C:\Users\Adam\IdeaProjects\spring-lbd\target\classes\com\example\springlbd\controller\NbpApiController.class]: Unsatisfied dependency expressed through constructor parameter 0; nested exception is org.springframework.beans.factory.UnsatisfiedDependencyException: Error creating bean with name 'nbpApiService' defined in file [C:\Users\Adam\IdeaProjects\spring-lbd\target\classes\com\example\springlbd\services\NbpApiService.class]: Unsatisfied dependency expressed through constructor parameter 0; nested exception is org.springframework.beans.factory.NoSuchBeanDefinitionException: No qualifying bean of type 'org.springframework.web.client.RestTemplate' available: expected at least 1 bean which qualifies as autowire candidate. Dependency annotations: {}
	at org.springframework.beans.factory.support.ConstructorResolver.createArgumentArray(ConstructorResolver.java:800) ~[spring-beans-5.3.21.jar:5.3.21]
	at org.springframework.beans.factory.support.ConstructorResolver.autowireConstructor(ConstructorResolver.java:229) ~[spring-beans-5.3.21.jar:5.3.21]
	at org.springframework.beans.factory.support.AbstractAutowireCapableBeanFactory.autowireConstructor(AbstractAutowireCapableBeanFactory.java:1372) ~[spring-beans-5.3.21.jar:5.3.21]
	at org.springframework.beans.factory.support.AbstractAutowireCapableBeanFactory.createBeanInstance(AbstractAutowireCapableBeanFactory.java:1222) ~[spring-beans-5.3.21.jar:5.3.21]
	at org.springframework.beans.factory.support.AbstractAutowireCapableBeanFactory.doCreateBean(AbstractAutowireCapableBeanFactory.java:582) ~[spring-beans-5.3.21.jar:5.3.21]
	at org.springframework.beans.factory.support.AbstractAutowireCapableBeanFactory.createBean(AbstractAutowireCapableBeanFactory.java:542) ~[spring-beans-5.3.21.jar:5.3.21]
	at org.springframework.beans.factory.support.AbstractBeanFactory.lambda$doGetBean$0(AbstractBeanFactory.java:335) ~[spring-beans-5.3.21.jar:5.3.21]
	at org.springframework.beans.factory.support.DefaultSingletonBeanRegistry.getSingleton(DefaultSingletonBeanRegistry.java:234) ~[spring-beans-5.3.21.jar:5.3.21]
	at org.springframework.beans.factory.support.AbstractBeanFactory.doGetBean(AbstractBeanFactory.java:333) ~[spring-beans-5.3.21.jar:5.3.21]
	at org.springframework.beans.factory.support.AbstractBeanFactory.getBean(AbstractBeanFactory.java:208) ~[spring-beans-5.3.21.jar:5.3.21]
	at org.springframework.beans.factory.support.DefaultListableBeanFactory.preInstantiateSingletons(DefaultListableBeanFactory.java:955) ~[spring-beans-5.3.21.jar:5.3.21]
	at org.springframework.context.support.AbstractApplicationContext.finishBeanFactoryInitialization(AbstractApplicationContext.java:918) ~[spring-context-5.3.21.jar:5.3.21]
	at org.springframework.context.support.AbstractApplicationContext.refresh(AbstractApplicationContext.java:583) ~[spring-context-5.3.21.jar:5.3.21]
	at org.springframework.boot.SpringApplication.refresh(SpringApplication.java:734) ~[spring-boot-2.7.1.jar:2.7.1]
	at org.springframework.boot.SpringApplication.refreshContext(SpringApplication.java:408) ~[spring-boot-2.7.1.jar:2.7.1]
	at org.springframework.boot.SpringApplication.run(SpringApplication.java:308) ~[spring-boot-2.7.1.jar:2.7.1]
	at org.springframework.boot.test.context.SpringBootContextLoader.loadContext(SpringBootContextLoader.java:132) ~[spring-boot-test-2.7.1.jar:2.7.1]
	at org.springframework.test.context.cache.DefaultCacheAwareContextLoaderDelegate.loadContextInternal(DefaultCacheAwareContextLoaderDelegate.java:99) ~[spring-test-5.3.21.jar:5.3.21]
	at org.springframework.test.context.cache.DefaultCacheAwareContextLoaderDelegate.loadContext(DefaultCacheAwareContextLoaderDelegate.java:124) ~[spring-test-5.3.21.jar:5.3.21]
	... 67 common frames omitted
Caused by: org.springframework.beans.factory.UnsatisfiedDependencyException: Error creating bean with name 'nbpApiService' defined in file [C:\Users\Adam\IdeaProjects\spring-lbd\target\classes\com\example\springlbd\services\NbpApiService.class]: Unsatisfied dependency expressed through constructor parameter 0; nested exception is org.springframework.beans.factory.NoSuchBeanDefinitionException: No qualifying bean of type 'org.springframework.web.client.RestTemplate' available: expected at least 1 bean which qualifies as autowire candidate. Dependency annotations: {}
	at org.springframework.beans.factory.support.ConstructorResolver.createArgumentArray(ConstructorResolver.java:800) ~[spring-beans-5.3.21.jar:5.3.21]
	at org.springframework.beans.factory.support.ConstructorResolver.autowireConstructor(ConstructorResolver.java:229) ~[spring-beans-5.3.21.jar:5.3.21]
	at org.springframework.beans.factory.support.AbstractAutowireCapableBeanFactory.autowireConstructor(AbstractAutowireCapableBeanFactory.java:1372) ~[spring-beans-5.3.21.jar:5.3.21]
	at org.springframework.beans.factory.support.AbstractAutowireCapableBeanFactory.createBeanInstance(AbstractAutowireCapableBeanFactory.java:1222) ~[spring-beans-5.3.21.jar:5.3.21]
	at org.springframework.beans.factory.support.AbstractAutowireCapableBeanFactory.doCreateBean(AbstractAutowireCapableBeanFactory.java:582) ~[spring-beans-5.3.21.jar:5.3.21]
	at org.springframework.beans.factory.support.AbstractAutowireCapableBeanFactory.createBean(AbstractAutowireCapableBeanFactory.java:542) ~[spring-beans-5.3.21.jar:5.3.21]
	at org.springframework.beans.factory.support.AbstractBeanFactory.lambda$doGetBean$0(AbstractBeanFactory.java:335) ~[spring-beans-5.3.21.jar:5.3.21]
	at org.springframework.beans.factory.support.DefaultSingletonBeanRegistry.getSingleton(DefaultSingletonBeanRegistry.java:234) ~[spring-beans-5.3.21.jar:5.3.21]
	at org.springframework.beans.factory.support.AbstractBeanFactory.doGetBean(AbstractBeanFactory.java:333) ~[spring-beans-5.3.21.jar:5.3.21]
	at org.springframework.beans.factory.support.AbstractBeanFactory.getBean(AbstractBeanFactory.java:208) ~[spring-beans-5.3.21.jar:5.3.21]
	at org.springframework.beans.factory.config.DependencyDescriptor.resolveCandidate(DependencyDescriptor.java:276) ~[spring-beans-5.3.21.jar:5.3.21]
	at org.springframework.beans.factory.support.DefaultListableBeanFactory.doResolveDependency(DefaultListableBeanFactory.java:1391) ~[spring-beans-5.3.21.jar:5.3.21]
	at org.springframework.beans.factory.support.DefaultListableBeanFactory.resolveDependency(DefaultListableBeanFactory.java:1311) ~[spring-beans-5.3.21.jar:5.3.21]
	at org.springframework.beans.factory.support.ConstructorResolver.resolveAutowiredArgument(ConstructorResolver.java:887) ~[spring-beans-5.3.21.jar:5.3.21]
	at org.springframework.beans.factory.support.ConstructorResolver.createArgumentArray(ConstructorResolver.java:791) ~[spring-beans-5.3.21.jar:5.3.21]
	... 85 common frames omitted
Caused by: org.springframework.beans.factory.NoSuchBeanDefinitionException: No qualifying bean of type 'org.springframework.web.client.RestTemplate' available: expected at least 1 bean which qualifies as autowire candidate. Dependency annotations: {}
	at org.springframework.beans.factory.support.DefaultListableBeanFactory.raiseNoMatchingBeanFound(DefaultListableBeanFactory.java:1801) ~[spring-beans-5.3.21.jar:5.3.21]
	at org.springframework.beans.factory.support.DefaultListableBeanFactory.doResolveDependency(DefaultListableBeanFactory.java:1357) ~[spring-beans-5.3.21.jar:5.3.21]
	at org.springframework.beans.factory.support.DefaultListableBeanFactory.resolveDependency(DefaultListableBeanFactory.java:1311) ~[spring-beans-5.3.21.jar:5.3.21]
	at org.springframework.beans.factory.support.ConstructorResolver.resolveAutowiredArgument(ConstructorResolver.java:887) ~[spring-beans-5.3.21.jar:5.3.21]
	at org.springframework.beans.factory.support.ConstructorResolver.createArgumentArray(ConstructorResolver.java:791) ~[spring-beans-5.3.21.jar:5.3.21]
	... 99 common frames omitted

]]></system-out>
  </testcase>
</testsuite>